{
  "stats": {
    "suites": 2,
    "tests": 1,
    "passes": 1,
    "pending": 0,
    "failures": 0,
    "start": "2021-03-18T15:40:58.652Z",
    "end": "2021-03-18T15:41:02.371Z",
    "duration": 3719,
    "testsRegistered": 1,
    "passPercent": 100,
    "pendingPercent": 0,
    "other": 0,
    "hasOther": false,
    "skipped": 0,
    "hasSkipped": false
  },
  "results": [
    {
      "uuid": "d7b7941d-8d0a-4f89-8ddb-4d5cbe8c26cb",
      "title": "",
      "fullFile": "cypress\\integration\\orangeHRM\\orangeHRMComplete.js",
      "file": "cypress\\integration\\orangeHRM\\orangeHRMComplete.js",
      "beforeHooks": [],
      "afterHooks": [],
      "tests": [],
      "suites": [
        {
          "uuid": "e1a4f712-b1d9-4834-99bc-ca6b0b8dbf75",
          "title": "OrangeHRMComplete",
          "fullFile": "",
          "file": "",
          "beforeHooks": [],
          "afterHooks": [],
          "tests": [],
          "suites": [
            {
              "uuid": "4430c76f-7d69-42de-9352-9ff11a6bc9fb",
              "title": "OrangeHRM",
              "fullFile": "",
              "file": "",
              "beforeHooks": [],
              "afterHooks": [],
              "tests": [
                {
                  "title": "Le panneau LOGIN doit apparaître quand on ouvre l'URL",
                  "fullTitle": "OrangeHRMComplete OrangeHRM Le panneau LOGIN doit apparaître quand on ouvre l'URL",
                  "timedOut": null,
                  "duration": 1628,
                  "state": "passed",
                  "speed": "slow",
                  "pass": true,
                  "fail": false,
                  "pending": false,
                  "context": null,
                  "code": "cy.get('#frmLogin').contains('LOGIN Panel');",
                  "err": {},
                  "uuid": "fc6ce2ae-c99e-413d-bdbd-76c2c7ff5129",
                  "parentUUID": "4430c76f-7d69-42de-9352-9ff11a6bc9fb",
                  "isHook": false,
                  "skipped": false
                }
              ],
              "suites": [],
              "passes": [
                "fc6ce2ae-c99e-413d-bdbd-76c2c7ff5129"
              ],
              "failures": [],
              "pending": [],
              "skipped": [],
              "duration": 1628,
              "root": false,
              "rootEmpty": false,
              "_timeout": 2000
            }
          ],
          "passes": [],
          "failures": [],
          "pending": [],
          "skipped": [],
          "duration": 0,
          "root": false,
          "rootEmpty": false,
          "_timeout": 2000
        }
      ],
      "passes": [],
      "failures": [],
      "pending": [],
      "skipped": [],
      "duration": 0,
      "root": true,
      "rootEmpty": true,
      "_timeout": 2000
    }
  ],
  "meta": {
    "mocha": {
      "version": "7.0.1"
    },
    "mochawesome": {
      "options": {
        "quiet": false,
        "reportFilename": "mochawesome",
        "saveHtml": false,
        "saveJson": true,
        "consoleReporter": "spec",
        "useInlineDiffs": false,
        "code": true
      },
      "version": "6.2.2"
    },
    "marge": {
      "options": {
        "overwrite": false,
        "html": false,
        "json": true,
        "timestamp": "yyyymmdd_HHMMss"
      },
      "version": "5.2.0"
    }
  }
}