{
  "stats": {
    "suites": 1,
    "tests": 1,
    "passes": 1,
    "pending": 0,
    "failures": 0,
    "start": "2021-03-24T14:31:47.346Z",
    "end": "2021-03-24T14:31:51.238Z",
    "duration": 3892,
    "testsRegistered": 1,
    "passPercent": 100,
    "pendingPercent": 0,
    "other": 0,
    "hasOther": false,
    "skipped": 0,
    "hasSkipped": false
  },
  "results": [
    {
      "uuid": "57d9d800-90b5-407b-b8d4-668476f9fe70",
      "title": "",
      "fullFile": "cypress\\integration\\test_upload.js",
      "file": "cypress\\integration\\test_upload.js",
      "beforeHooks": [],
      "afterHooks": [],
      "tests": [],
      "suites": [
        {
          "uuid": "6230d47b-8c6e-476d-ad3c-6a339e282dc2",
          "title": "Example to demonstrate file upload",
          "fullFile": "",
          "file": "",
          "beforeHooks": [],
          "afterHooks": [],
          "tests": [
            {
              "title": "upload a picture and verify if uploaded",
              "fullTitle": "Example to demonstrate file upload upload a picture and verify if uploaded",
              "timedOut": null,
              "duration": 2458,
              "state": "passed",
              "speed": "slow",
              "pass": true,
              "fail": false,
              "pending": false,
              "context": null,
              "code": "cy.visit('https://demoqa.com/upload-download'); //cy.get('#uploadFile').attachFile('images/myPhotography.jpg')\ncy.get('#uploadFile').attachFile(filepath);\ncy.get('#uploadedFilePath').contains(filename);",
              "err": {},
              "uuid": "c841b019-b1ce-425a-a3f4-a7183f15260f",
              "parentUUID": "6230d47b-8c6e-476d-ad3c-6a339e282dc2",
              "isHook": false,
              "skipped": false
            }
          ],
          "suites": [],
          "passes": [
            "c841b019-b1ce-425a-a3f4-a7183f15260f"
          ],
          "failures": [],
          "pending": [],
          "skipped": [],
          "duration": 2458,
          "root": false,
          "rootEmpty": false,
          "_timeout": 2000
        }
      ],
      "passes": [],
      "failures": [],
      "pending": [],
      "skipped": [],
      "duration": 0,
      "root": true,
      "rootEmpty": true,
      "_timeout": 2000
    }
  ],
  "meta": {
    "mocha": {
      "version": "7.0.1"
    },
    "mochawesome": {
      "options": {
        "quiet": false,
        "reportFilename": "mochawesome",
        "saveHtml": false,
        "saveJson": true,
        "consoleReporter": "spec",
        "useInlineDiffs": false,
        "code": true
      },
      "version": "6.2.2"
    },
    "marge": {
      "options": {
        "overwrite": false,
        "html": false,
        "json": true,
        "timestamp": "yyyymmdd_HHMMss"
      },
      "version": "5.2.0"
    }
  }
}