{
  "stats": {
    "suites": 1,
    "tests": 2,
    "passes": 2,
    "pending": 0,
    "failures": 0,
    "start": "2021-03-24T11:05:05.386Z",
    "end": "2021-03-24T11:05:13.278Z",
    "duration": 7892,
    "testsRegistered": 2,
    "passPercent": 100,
    "pendingPercent": 0,
    "other": 0,
    "hasOther": false,
    "skipped": 0,
    "hasSkipped": false
  },
  "results": [
    {
      "uuid": "5ba5cff2-85e4-472d-b1c2-6eec6a827da8",
      "title": "",
      "fullFile": "cypress\\integration\\demo_fixtures2.js",
      "file": "cypress\\integration\\demo_fixtures2.js",
      "beforeHooks": [],
      "afterHooks": [],
      "tests": [],
      "suites": [
        {
          "uuid": "52b62980-c1d2-478b-b140-81e7eb395414",
          "title": "Demo automation with fixtures",
          "fullFile": "",
          "file": "",
          "beforeHooks": [],
          "afterHooks": [],
          "tests": [
            {
              "title": "Register",
              "fullTitle": "Demo automation with fixtures Register",
              "timedOut": null,
              "duration": 4553,
              "state": "passed",
              "speed": "slow",
              "pass": true,
              "fail": false,
              "pending": false,
              "context": null,
              "code": "cy.visit('https://shop.demoqa.com/my-account');\ncy.get('#reg_username').type(this.user.username);\ncy.get('#reg_email').type(this.user.email);\ncy.get('#reg_password').type(this.user.password);\ncy.get('.woocommerce-Button').click();",
              "err": {},
              "uuid": "1d858b9c-cdea-40c2-820d-5cee7c814e40",
              "parentUUID": "52b62980-c1d2-478b-b140-81e7eb395414",
              "isHook": false,
              "skipped": false
            },
            {
              "title": "Log in",
              "fullTitle": "Demo automation with fixtures Log in",
              "timedOut": null,
              "duration": 1523,
              "state": "passed",
              "speed": "slow",
              "pass": true,
              "fail": false,
              "pending": false,
              "context": null,
              "code": "cy.get('#username').clear().type(this.user.username);\ncy.get('#password').type(this.user.password);\ncy.get(':nth-child(3) > .woocommerce-button').click();\ncy.get('.woocommerce-MyAccount-content > :nth-child(2)').contains(this.user.username);",
              "err": {},
              "uuid": "217c5b1d-92f8-47a1-a3cf-36f4ad88778a",
              "parentUUID": "52b62980-c1d2-478b-b140-81e7eb395414",
              "isHook": false,
              "skipped": false
            }
          ],
          "suites": [],
          "passes": [
            "1d858b9c-cdea-40c2-820d-5cee7c814e40",
            "217c5b1d-92f8-47a1-a3cf-36f4ad88778a"
          ],
          "failures": [],
          "pending": [],
          "skipped": [],
          "duration": 6076,
          "root": false,
          "rootEmpty": false,
          "_timeout": 2000
        }
      ],
      "passes": [],
      "failures": [],
      "pending": [],
      "skipped": [],
      "duration": 0,
      "root": true,
      "rootEmpty": true,
      "_timeout": 2000
    }
  ],
  "meta": {
    "mocha": {
      "version": "7.0.1"
    },
    "mochawesome": {
      "options": {
        "quiet": false,
        "reportFilename": "mochawesome",
        "saveHtml": false,
        "saveJson": true,
        "consoleReporter": "spec",
        "useInlineDiffs": false,
        "code": true
      },
      "version": "6.2.2"
    },
    "marge": {
      "options": {
        "overwrite": false,
        "html": false,
        "json": true,
        "timestamp": "yyyymmdd_HHMMss"
      },
      "version": "5.2.0"
    }
  }
}