{
  "stats": {
    "suites": 1,
    "tests": 3,
    "passes": 2,
    "pending": 0,
    "failures": 1,
    "start": "2021-03-25T10:15:45.737Z",
    "end": "2021-03-25T10:16:09.568Z",
    "duration": 23831,
    "testsRegistered": 3,
    "passPercent": 66.66666666666666,
    "pendingPercent": 0,
    "other": 0,
    "hasOther": false,
    "skipped": 0,
    "hasSkipped": false
  },
  "results": [
    {
      "uuid": "48377f11-860a-4593-a68b-36e4316709da",
      "title": "",
      "fullFile": "cypress\\integration\\exercice_02.js",
      "file": "cypress\\integration\\exercice_02.js",
      "beforeHooks": [],
      "afterHooks": [],
      "tests": [],
      "suites": [
        {
          "uuid": "44df9d24-5ca5-40aa-b0fc-3ed0d5b20f48",
          "title": "Exercice 2",
          "fullFile": "",
          "file": "",
          "beforeHooks": [],
          "afterHooks": [],
          "tests": [
            {
              "title": "open shop.demoqa.com in browser",
              "fullTitle": "Exercice 2 open shop.demoqa.com in browser",
              "timedOut": null,
              "duration": 10277,
              "state": "passed",
              "speed": "slow",
              "pass": true,
              "fail": false,
              "pending": false,
              "context": null,
              "code": "cy.screenshot();",
              "err": {},
              "uuid": "eca0c63c-9410-4abb-b340-6f90cb2f4023",
              "parentUUID": "44df9d24-5ca5-40aa-b0fc-3ed0d5b20f48",
              "isHook": false,
              "skipped": false
            },
            {
              "title": "open shop.demoqa.com in iphone 8",
              "fullTitle": "Exercice 2 open shop.demoqa.com in iphone 8",
              "timedOut": null,
              "duration": 10309,
              "state": "passed",
              "speed": "slow",
              "pass": true,
              "fail": false,
              "pending": false,
              "context": null,
              "code": "cy.viewport('iphone-8');\ncy.screenshot();\ncy.log('open in iphone 8 is ok');",
              "err": {},
              "uuid": "f680a270-6ec3-4da8-895a-5b7e162d5743",
              "parentUUID": "44df9d24-5ca5-40aa-b0fc-3ed0d5b20f48",
              "isHook": false,
              "skipped": false
            },
            {
              "title": "open shop.demoqa.com in samsung s10",
              "fullTitle": "Exercice 2 open shop.demoqa.com in samsung s10",
              "timedOut": null,
              "duration": 1828,
              "state": "failed",
              "speed": null,
              "pass": false,
              "fail": true,
              "pending": false,
              "context": null,
              "code": "cy.viewport('');\ncy.screenshot();",
              "err": {
                "message": "CypressError: `cy.viewport()` cannot be passed an empty string.\n\nhttps://on.cypress.io/viewport",
                "estack": "CypressError: `cy.viewport()` cannot be passed an empty string.\n\nhttps://on.cypress.io/viewport\n    at Context.viewport (http://shop.demoqa.com/__cypress/runner/cypress_runner.js:161742:19)\nFrom Your Spec Code:\n    at Context.eval (http://shop.demoqa.com/__cypress/tests?p=cypress\\integration\\exercice_02.js:112:8)",
                "diff": null
              },
              "uuid": "0fc83e0a-6e99-4d69-9340-240e21b2e9ba",
              "parentUUID": "44df9d24-5ca5-40aa-b0fc-3ed0d5b20f48",
              "isHook": false,
              "skipped": false
            }
          ],
          "suites": [],
          "passes": [
            "eca0c63c-9410-4abb-b340-6f90cb2f4023",
            "f680a270-6ec3-4da8-895a-5b7e162d5743"
          ],
          "failures": [
            "0fc83e0a-6e99-4d69-9340-240e21b2e9ba"
          ],
          "pending": [],
          "skipped": [],
          "duration": 22414,
          "root": false,
          "rootEmpty": false,
          "_timeout": 2000
        }
      ],
      "passes": [],
      "failures": [],
      "pending": [],
      "skipped": [],
      "duration": 0,
      "root": true,
      "rootEmpty": true,
      "_timeout": 2000
    }
  ],
  "meta": {
    "mocha": {
      "version": "7.0.1"
    },
    "mochawesome": {
      "options": {
        "quiet": false,
        "reportFilename": "mochawesome",
        "saveHtml": false,
        "saveJson": true,
        "consoleReporter": "spec",
        "useInlineDiffs": false,
        "code": true
      },
      "version": "6.2.2"
    },
    "marge": {
      "options": {
        "overwrite": false,
        "html": false,
        "json": true,
        "timestamp": "yyyymmdd_HHMMss"
      },
      "version": "5.2.0"
    }
  }
}