{
  "stats": {
    "suites": 1,
    "tests": 1,
    "passes": 1,
    "pending": 0,
    "failures": 0,
    "start": "2021-03-24T11:10:59.673Z",
    "end": "2021-03-24T11:11:10.088Z",
    "duration": 10415,
    "testsRegistered": 1,
    "passPercent": 100,
    "pendingPercent": 0,
    "other": 0,
    "hasOther": false,
    "skipped": 0,
    "hasSkipped": false
  },
  "results": [
    {
      "uuid": "ad8e2197-b26f-414b-b1c6-6d05ef514290",
      "title": "",
      "fullFile": "cypress\\integration\\orangeHRM\\delEmployee.js",
      "file": "cypress\\integration\\orangeHRM\\delEmployee.js",
      "beforeHooks": [],
      "afterHooks": [],
      "tests": [],
      "suites": [
        {
          "uuid": "81f353be-b7a0-46c3-918a-4a156b4f2cc1",
          "title": "OrangeHRM",
          "fullFile": "",
          "file": "",
          "beforeHooks": [],
          "afterHooks": [],
          "tests": [
            {
              "title": "Delete an employee",
              "fullTitle": "OrangeHRM Delete an employee",
              "timedOut": null,
              "duration": 8101,
              "state": "passed",
              "speed": "slow",
              "pass": true,
              "fail": false,
              "pending": false,
              "context": null,
              "code": "cy.visit('https://opensource-demo.orangehrmlive.com/'); //Login as Admin\ncy.get('#txtUsername').type('Admin');\ncy.get('#txtPassword').type('admin123');\ncy.get('#btnLogin').click(); //Search for employee from id\ncy.get('#menu_pim_viewPimModule').click();\ncy.get('#menu_pim_viewEmployeeList').click({\n  force: true\n});\ncy.get('#empsearch_id').type(this.employee.id);\ncy.get('#searchBtn').click(); //Delete employee\ncy.get('input[type=\"checkbox\"]').check();\ncy.get('#btnDelete').click({\n  force: true\n});\ncy.get('#dialogDeleteBtn').click({\n  force: true\n}); //Verify text \"No Records Found\"\ncy.contains('No Records Found');",
              "err": {},
              "uuid": "7b2ee9fc-2577-4a16-a133-274e7d3da1e0",
              "parentUUID": "81f353be-b7a0-46c3-918a-4a156b4f2cc1",
              "isHook": false,
              "skipped": false
            }
          ],
          "suites": [],
          "passes": [
            "7b2ee9fc-2577-4a16-a133-274e7d3da1e0"
          ],
          "failures": [],
          "pending": [],
          "skipped": [],
          "duration": 8101,
          "root": false,
          "rootEmpty": false,
          "_timeout": 2000
        }
      ],
      "passes": [],
      "failures": [],
      "pending": [],
      "skipped": [],
      "duration": 0,
      "root": true,
      "rootEmpty": true,
      "_timeout": 2000
    }
  ],
  "meta": {
    "mocha": {
      "version": "7.0.1"
    },
    "mochawesome": {
      "options": {
        "quiet": false,
        "reportFilename": "mochawesome",
        "saveHtml": false,
        "saveJson": true,
        "consoleReporter": "spec",
        "useInlineDiffs": false,
        "code": true
      },
      "version": "6.2.2"
    },
    "marge": {
      "options": {
        "overwrite": false,
        "html": false,
        "json": true,
        "timestamp": "yyyymmdd_HHMMss"
      },
      "version": "5.2.0"
    }
  }
}