{
  "stats": {
    "suites": 2,
    "tests": 1,
    "passes": 1,
    "pending": 0,
    "failures": 0,
    "start": "2021-03-25T10:21:34.242Z",
    "end": "2021-03-25T10:21:35.918Z",
    "duration": 1676,
    "testsRegistered": 1,
    "passPercent": 100,
    "pendingPercent": 0,
    "other": 0,
    "hasOther": false,
    "skipped": 0,
    "hasSkipped": false
  },
  "results": [
    {
      "uuid": "c77c870c-a95f-42e3-9393-54eaa5f75cdc",
      "title": "",
      "fullFile": "cypress\\integration\\orangeHRM\\orangeHRMComplete.js",
      "file": "cypress\\integration\\orangeHRM\\orangeHRMComplete.js",
      "beforeHooks": [],
      "afterHooks": [],
      "tests": [],
      "suites": [
        {
          "uuid": "6b34b9f6-7744-4a41-86fa-ecaa0f1a4436",
          "title": "OrangeHRMComplete",
          "fullFile": "",
          "file": "",
          "beforeHooks": [],
          "afterHooks": [],
          "tests": [],
          "suites": [
            {
              "uuid": "0ef37332-8c33-448f-ab9d-cba89b65dc66",
              "title": "OrangeHRM",
              "fullFile": "",
              "file": "",
              "beforeHooks": [],
              "afterHooks": [],
              "tests": [
                {
                  "title": "Le panneau LOGIN doit apparaître quand on ouvre l'URL",
                  "fullTitle": "OrangeHRMComplete OrangeHRM Le panneau LOGIN doit apparaître quand on ouvre l'URL",
                  "timedOut": null,
                  "duration": 1652,
                  "state": "passed",
                  "speed": "slow",
                  "pass": true,
                  "fail": false,
                  "pending": false,
                  "context": null,
                  "code": "cy.get('#frmLogin').contains('LOGIN Panel');",
                  "err": {},
                  "uuid": "187a5feb-f624-4678-bbdb-78d907de3075",
                  "parentUUID": "0ef37332-8c33-448f-ab9d-cba89b65dc66",
                  "isHook": false,
                  "skipped": false
                }
              ],
              "suites": [],
              "passes": [
                "187a5feb-f624-4678-bbdb-78d907de3075"
              ],
              "failures": [],
              "pending": [],
              "skipped": [],
              "duration": 1652,
              "root": false,
              "rootEmpty": false,
              "_timeout": 2000
            }
          ],
          "passes": [],
          "failures": [],
          "pending": [],
          "skipped": [],
          "duration": 0,
          "root": false,
          "rootEmpty": false,
          "_timeout": 2000
        }
      ],
      "passes": [],
      "failures": [],
      "pending": [],
      "skipped": [],
      "duration": 0,
      "root": true,
      "rootEmpty": true,
      "_timeout": 2000
    }
  ],
  "meta": {
    "mocha": {
      "version": "7.0.1"
    },
    "mochawesome": {
      "options": {
        "quiet": false,
        "reportFilename": "mochawesome",
        "saveHtml": false,
        "saveJson": true,
        "consoleReporter": "spec",
        "useInlineDiffs": false,
        "code": true
      },
      "version": "6.2.2"
    },
    "marge": {
      "options": {
        "overwrite": false,
        "html": false,
        "json": true,
        "timestamp": "yyyymmdd_HHMMss"
      },
      "version": "5.2.0"
    }
  }
}