{
  "stats": {
    "suites": 1,
    "tests": 2,
    "passes": 2,
    "pending": 0,
    "failures": 0,
    "start": "2021-03-24T11:04:49.637Z",
    "end": "2021-03-24T11:04:58.840Z",
    "duration": 9203,
    "testsRegistered": 2,
    "passPercent": 100,
    "pendingPercent": 0,
    "other": 0,
    "hasOther": false,
    "skipped": 0,
    "hasSkipped": false
  },
  "results": [
    {
      "uuid": "c470600f-7708-4e9a-b52f-f0bc590e9b10",
      "title": "",
      "fullFile": "cypress\\integration\\demo_fixtures.js",
      "file": "cypress\\integration\\demo_fixtures.js",
      "beforeHooks": [],
      "afterHooks": [],
      "tests": [],
      "suites": [
        {
          "uuid": "fb7cd81d-84cd-45c6-8e1f-b2c987615055",
          "title": "Demo automation with fixtures",
          "fullFile": "",
          "file": "",
          "beforeHooks": [],
          "afterHooks": [],
          "tests": [
            {
              "title": "Register",
              "fullTitle": "Demo automation with fixtures Register",
              "timedOut": null,
              "duration": 5566,
              "state": "passed",
              "speed": "slow",
              "pass": true,
              "fail": false,
              "pending": false,
              "context": null,
              "code": "cy.visit('https://shop.demoqa.com/my-account');\ncy.fixture('userLogin').then(function (user) {\n  cy.get('#reg_username').type(user.username);\n  cy.get('#reg_email').type(user.email);\n  cy.get('#reg_password').type(user.password);\n});\ncy.get('.woocommerce-Button').click();",
              "err": {},
              "uuid": "e02fa9f0-f42d-4b82-b370-2ab05595f546",
              "parentUUID": "fb7cd81d-84cd-45c6-8e1f-b2c987615055",
              "isHook": false,
              "skipped": false
            },
            {
              "title": "Log in",
              "fullTitle": "Demo automation with fixtures Log in",
              "timedOut": null,
              "duration": 1243,
              "state": "passed",
              "speed": "slow",
              "pass": true,
              "fail": false,
              "pending": false,
              "context": null,
              "code": "cy.fixture('userLogin').then(function (user) {\n  cy.get('#password').type(user.password);\n  cy.get(':nth-child(3) > .woocommerce-button').click();\n  cy.get('.woocommerce-MyAccount-content > :nth-child(2)').contains(user.username);\n});",
              "err": {},
              "uuid": "a6a8e0e1-d228-4792-bcc0-2e491885265c",
              "parentUUID": "fb7cd81d-84cd-45c6-8e1f-b2c987615055",
              "isHook": false,
              "skipped": false
            }
          ],
          "suites": [],
          "passes": [
            "e02fa9f0-f42d-4b82-b370-2ab05595f546",
            "a6a8e0e1-d228-4792-bcc0-2e491885265c"
          ],
          "failures": [],
          "pending": [],
          "skipped": [],
          "duration": 6809,
          "root": false,
          "rootEmpty": false,
          "_timeout": 2000
        }
      ],
      "passes": [],
      "failures": [],
      "pending": [],
      "skipped": [],
      "duration": 0,
      "root": true,
      "rootEmpty": true,
      "_timeout": 2000
    }
  ],
  "meta": {
    "mocha": {
      "version": "7.0.1"
    },
    "mochawesome": {
      "options": {
        "quiet": false,
        "reportFilename": "mochawesome",
        "saveHtml": false,
        "saveJson": true,
        "consoleReporter": "spec",
        "useInlineDiffs": false,
        "code": true
      },
      "version": "6.2.2"
    },
    "marge": {
      "options": {
        "overwrite": false,
        "html": false,
        "json": true,
        "timestamp": "yyyymmdd_HHMMss"
      },
      "version": "5.2.0"
    }
  }
}