{
  "stats": {
    "suites": 2,
    "tests": 1,
    "passes": 1,
    "pending": 0,
    "failures": 0,
    "start": "2021-03-24T11:11:19.167Z",
    "end": "2021-03-24T11:11:22.554Z",
    "duration": 3387,
    "testsRegistered": 1,
    "passPercent": 100,
    "pendingPercent": 0,
    "other": 0,
    "hasOther": false,
    "skipped": 0,
    "hasSkipped": false
  },
  "results": [
    {
      "uuid": "7defb397-d034-4a2b-9ebe-37ff84e6fa7a",
      "title": "",
      "fullFile": "cypress\\integration\\orangeHRM\\orangeHRMComplete.js",
      "file": "cypress\\integration\\orangeHRM\\orangeHRMComplete.js",
      "beforeHooks": [],
      "afterHooks": [],
      "tests": [],
      "suites": [
        {
          "uuid": "da6a7728-9b4f-4c86-8054-fb6b971d2f6c",
          "title": "OrangeHRMComplete",
          "fullFile": "",
          "file": "",
          "beforeHooks": [],
          "afterHooks": [],
          "tests": [],
          "suites": [
            {
              "uuid": "d8b61c5a-d405-40ca-9b9d-8af447be090f",
              "title": "OrangeHRM",
              "fullFile": "",
              "file": "",
              "beforeHooks": [],
              "afterHooks": [],
              "tests": [
                {
                  "title": "Le panneau LOGIN doit apparaître quand on ouvre l'URL",
                  "fullTitle": "OrangeHRMComplete OrangeHRM Le panneau LOGIN doit apparaître quand on ouvre l'URL",
                  "timedOut": null,
                  "duration": 1721,
                  "state": "passed",
                  "speed": "slow",
                  "pass": true,
                  "fail": false,
                  "pending": false,
                  "context": null,
                  "code": "cy.get('#frmLogin').contains('LOGIN Panel');",
                  "err": {},
                  "uuid": "1ee67932-0d29-4d55-84f2-c2eae6df7e61",
                  "parentUUID": "d8b61c5a-d405-40ca-9b9d-8af447be090f",
                  "isHook": false,
                  "skipped": false
                }
              ],
              "suites": [],
              "passes": [
                "1ee67932-0d29-4d55-84f2-c2eae6df7e61"
              ],
              "failures": [],
              "pending": [],
              "skipped": [],
              "duration": 1721,
              "root": false,
              "rootEmpty": false,
              "_timeout": 2000
            }
          ],
          "passes": [],
          "failures": [],
          "pending": [],
          "skipped": [],
          "duration": 0,
          "root": false,
          "rootEmpty": false,
          "_timeout": 2000
        }
      ],
      "passes": [],
      "failures": [],
      "pending": [],
      "skipped": [],
      "duration": 0,
      "root": true,
      "rootEmpty": true,
      "_timeout": 2000
    }
  ],
  "meta": {
    "mocha": {
      "version": "7.0.1"
    },
    "mochawesome": {
      "options": {
        "quiet": false,
        "reportFilename": "mochawesome",
        "saveHtml": false,
        "saveJson": true,
        "consoleReporter": "spec",
        "useInlineDiffs": false,
        "code": true
      },
      "version": "6.2.2"
    },
    "marge": {
      "options": {
        "overwrite": false,
        "html": false,
        "json": true,
        "timestamp": "yyyymmdd_HHMMss"
      },
      "version": "5.2.0"
    }
  }
}