{
  "stats": {
    "suites": 1,
    "tests": 2,
    "passes": 2,
    "pending": 0,
    "failures": 0,
    "start": "2021-03-25T10:14:55.177Z",
    "end": "2021-03-25T10:15:05.622Z",
    "duration": 10445,
    "testsRegistered": 2,
    "passPercent": 100,
    "pendingPercent": 0,
    "other": 0,
    "hasOther": false,
    "skipped": 0,
    "hasSkipped": false
  },
  "results": [
    {
      "uuid": "2a09577c-3028-4099-a28d-f7e32f7abc48",
      "title": "",
      "fullFile": "cypress\\integration\\demo_fixtures.js",
      "file": "cypress\\integration\\demo_fixtures.js",
      "beforeHooks": [],
      "afterHooks": [],
      "tests": [],
      "suites": [
        {
          "uuid": "4457c703-acd8-47a0-955f-4a4d881eae25",
          "title": "Demo automation with fixtures",
          "fullFile": "",
          "file": "",
          "beforeHooks": [],
          "afterHooks": [],
          "tests": [
            {
              "title": "Register",
              "fullTitle": "Demo automation with fixtures Register",
              "timedOut": null,
              "duration": 5906,
              "state": "passed",
              "speed": "slow",
              "pass": true,
              "fail": false,
              "pending": false,
              "context": null,
              "code": "cy.visit('https://shop.demoqa.com/my-account');\ncy.fixture('userLogin').then(function (user) {\n  cy.get('#reg_username').type(user.username);\n  cy.get('#reg_email').type(user.email);\n  cy.get('#reg_password').type(user.password);\n});\ncy.get('.woocommerce-Button').click();",
              "err": {},
              "uuid": "1c75f1ed-77ae-456a-9b7f-78c009de1e31",
              "parentUUID": "4457c703-acd8-47a0-955f-4a4d881eae25",
              "isHook": false,
              "skipped": false
            },
            {
              "title": "Log in",
              "fullTitle": "Demo automation with fixtures Log in",
              "timedOut": null,
              "duration": 2052,
              "state": "passed",
              "speed": "slow",
              "pass": true,
              "fail": false,
              "pending": false,
              "context": null,
              "code": "cy.fixture('userLogin').then(function (user) {\n  cy.get('#password').type(user.password);\n  cy.get(':nth-child(3) > .woocommerce-button').click();\n  cy.get('.woocommerce-MyAccount-content > :nth-child(2)').contains(user.username);\n});",
              "err": {},
              "uuid": "c0d298cb-9c8a-41aa-9e80-68a42b111576",
              "parentUUID": "4457c703-acd8-47a0-955f-4a4d881eae25",
              "isHook": false,
              "skipped": false
            }
          ],
          "suites": [],
          "passes": [
            "1c75f1ed-77ae-456a-9b7f-78c009de1e31",
            "c0d298cb-9c8a-41aa-9e80-68a42b111576"
          ],
          "failures": [],
          "pending": [],
          "skipped": [],
          "duration": 7958,
          "root": false,
          "rootEmpty": false,
          "_timeout": 2000
        }
      ],
      "passes": [],
      "failures": [],
      "pending": [],
      "skipped": [],
      "duration": 0,
      "root": true,
      "rootEmpty": true,
      "_timeout": 2000
    }
  ],
  "meta": {
    "mocha": {
      "version": "7.0.1"
    },
    "mochawesome": {
      "options": {
        "quiet": false,
        "reportFilename": "mochawesome",
        "saveHtml": false,
        "saveJson": true,
        "consoleReporter": "spec",
        "useInlineDiffs": false,
        "code": true
      },
      "version": "6.2.2"
    },
    "marge": {
      "options": {
        "overwrite": false,
        "html": false,
        "json": true,
        "timestamp": "yyyymmdd_HHMMss"
      },
      "version": "5.2.0"
    }
  }
}