{
  "stats": {
    "suites": 1,
    "tests": 1,
    "passes": 1,
    "pending": 0,
    "failures": 0,
    "start": "2021-03-19T15:31:38.732Z",
    "end": "2021-03-19T15:31:44.027Z",
    "duration": 5295,
    "testsRegistered": 1,
    "passPercent": 100,
    "pendingPercent": 0,
    "other": 0,
    "hasOther": false,
    "skipped": 0,
    "hasSkipped": false
  },
  "results": [
    {
      "uuid": "e9fc4722-5fc2-4945-aadd-943653d18e4f",
      "title": "",
      "fullFile": "cypress\\integration\\orangeHRM\\orangeHRMLogin.js",
      "file": "cypress\\integration\\orangeHRM\\orangeHRMLogin.js",
      "beforeHooks": [],
      "afterHooks": [],
      "tests": [],
      "suites": [
        {
          "uuid": "1fdb51f3-4ae7-41c5-b0a3-aedf15063618",
          "title": "OrangeHRMLogin",
          "fullFile": "",
          "file": "",
          "beforeHooks": [],
          "afterHooks": [],
          "tests": [
            {
              "title": "Le panneau LOGIN doit apparaître quand on ouvre l'URL",
              "fullTitle": "OrangeHRMLogin Le panneau LOGIN doit apparaître quand on ouvre l'URL",
              "timedOut": null,
              "duration": 2747,
              "state": "passed",
              "speed": "slow",
              "pass": true,
              "fail": false,
              "pending": false,
              "context": null,
              "code": "cy.visit('https://opensource-demo.orangehrmlive.com/');\ncy.get('#frmLogin').contains('LOGIN');",
              "err": {},
              "uuid": "05e7a741-544d-4280-bf6c-ebec474b5d78",
              "parentUUID": "1fdb51f3-4ae7-41c5-b0a3-aedf15063618",
              "isHook": false,
              "skipped": false
            }
          ],
          "suites": [],
          "passes": [
            "05e7a741-544d-4280-bf6c-ebec474b5d78"
          ],
          "failures": [],
          "pending": [],
          "skipped": [],
          "duration": 2747,
          "root": false,
          "rootEmpty": false,
          "_timeout": 2000
        }
      ],
      "passes": [],
      "failures": [],
      "pending": [],
      "skipped": [],
      "duration": 0,
      "root": true,
      "rootEmpty": true,
      "_timeout": 2000
    }
  ],
  "meta": {
    "mocha": {
      "version": "7.0.1"
    },
    "mochawesome": {
      "options": {
        "quiet": false,
        "reportFilename": "mochawesome",
        "saveHtml": false,
        "saveJson": true,
        "consoleReporter": "spec",
        "useInlineDiffs": false,
        "code": true
      },
      "version": "6.2.2"
    },
    "marge": {
      "options": {
        "overwrite": false,
        "html": false,
        "json": true,
        "timestamp": "yyyymmdd_HHMMss"
      },
      "version": "5.2.0"
    }
  }
}