{
  "stats": {
    "suites": 1,
    "tests": 1,
    "passes": 1,
    "pending": 0,
    "failures": 0,
    "start": "2021-03-24T14:30:49.637Z",
    "end": "2021-03-24T14:31:02.257Z",
    "duration": 12620,
    "testsRegistered": 1,
    "passPercent": 100,
    "pendingPercent": 0,
    "other": 0,
    "hasOther": false,
    "skipped": 0,
    "hasSkipped": false
  },
  "results": [
    {
      "uuid": "a814edc9-7b66-4fab-ac51-a23cbecc1f9c",
      "title": "",
      "fullFile": "cypress\\integration\\orangeHRM\\addEmployee.js",
      "file": "cypress\\integration\\orangeHRM\\addEmployee.js",
      "beforeHooks": [],
      "afterHooks": [],
      "tests": [],
      "suites": [
        {
          "uuid": "f5493a74-6fea-4cbc-aef3-1182626a126d",
          "title": "OrangeHRM",
          "fullFile": "",
          "file": "",
          "beforeHooks": [],
          "afterHooks": [],
          "tests": [
            {
              "title": "Add an employee",
              "fullTitle": "OrangeHRM Add an employee",
              "timedOut": null,
              "duration": 9105,
              "state": "passed",
              "speed": "slow",
              "pass": true,
              "fail": false,
              "pending": false,
              "context": null,
              "code": "cy.visit('https://opensource-demo.orangehrmlive.com/'); //Login as Admin\ncy.get('#txtUsername').type('Admin');\ncy.get('#txtPassword').type('admin123');\ncy.get('#btnLogin').click(); //Add employee information\ncy.get('#menu_pim_viewPimModule').click();\ncy.get('#menu_pim_addEmployee').click({\n  force: true\n});\ncy.get('#firstName').type(this.employee.firstName);\ncy.get('#middleName').type(this.employee.middleName);\ncy.get('#lastName').type(this.employee.lastName);\ncy.get('#employeeId').clear().type(this.employee.id);\ncy.get('#photofile').attachFile('images/myPhotography.jpg'); //Add employee details\ncy.get('#chkLogin').check();\ncy.get('#user_name').type(this.employee.userName);\ncy.get('#user_password').type(this.employee.password);\ncy.get('#re_password').type(this.employee.confirmPassword); //Verify status is \"Enabled\"\ncy.get('#status').contains('Enabled'); //Save\ncy.get('#btnSave').click();",
              "err": {},
              "uuid": "49a9320c-d983-4c22-845b-79a8665c8b24",
              "parentUUID": "f5493a74-6fea-4cbc-aef3-1182626a126d",
              "isHook": false,
              "skipped": false
            }
          ],
          "suites": [],
          "passes": [
            "49a9320c-d983-4c22-845b-79a8665c8b24"
          ],
          "failures": [],
          "pending": [],
          "skipped": [],
          "duration": 9105,
          "root": false,
          "rootEmpty": false,
          "_timeout": 2000
        }
      ],
      "passes": [],
      "failures": [],
      "pending": [],
      "skipped": [],
      "duration": 0,
      "root": true,
      "rootEmpty": true,
      "_timeout": 2000
    }
  ],
  "meta": {
    "mocha": {
      "version": "7.0.1"
    },
    "mochawesome": {
      "options": {
        "quiet": false,
        "reportFilename": "mochawesome",
        "saveHtml": false,
        "saveJson": true,
        "consoleReporter": "spec",
        "useInlineDiffs": false,
        "code": true
      },
      "version": "6.2.2"
    },
    "marge": {
      "options": {
        "overwrite": false,
        "html": false,
        "json": true,
        "timestamp": "yyyymmdd_HHMMss"
      },
      "version": "5.2.0"
    }
  }
}