{
  "stats": {
    "suites": 1,
    "tests": 1,
    "passes": 1,
    "pending": 0,
    "failures": 0,
    "start": "2021-03-25T10:21:47.542Z",
    "end": "2021-03-25T10:21:50.672Z",
    "duration": 3130,
    "testsRegistered": 1,
    "passPercent": 100,
    "pendingPercent": 0,
    "other": 0,
    "hasOther": false,
    "skipped": 0,
    "hasSkipped": false
  },
  "results": [
    {
      "uuid": "e2b1c7f9-7376-48a2-9c5c-482e785fe4cc",
      "title": "",
      "fullFile": "cypress\\integration\\test_upload.js",
      "file": "cypress\\integration\\test_upload.js",
      "beforeHooks": [],
      "afterHooks": [],
      "tests": [],
      "suites": [
        {
          "uuid": "89dfa6fa-38be-4232-acdf-2818ecddc818",
          "title": "Example to demonstrate file upload",
          "fullFile": "",
          "file": "",
          "beforeHooks": [],
          "afterHooks": [],
          "tests": [
            {
              "title": "upload a picture and verify if uploaded",
              "fullTitle": "Example to demonstrate file upload upload a picture and verify if uploaded",
              "timedOut": null,
              "duration": 1681,
              "state": "passed",
              "speed": "slow",
              "pass": true,
              "fail": false,
              "pending": false,
              "context": null,
              "code": "cy.visit('https://demoqa.com/upload-download'); //cy.get('#uploadFile').attachFile('images/myPhotography.jpg')\ncy.get('#uploadFile').attachFile(filepath);\ncy.get('#uploadedFilePath').contains(filename);",
              "err": {},
              "uuid": "45cc9df4-1a13-4617-83ca-8e865acebb11",
              "parentUUID": "89dfa6fa-38be-4232-acdf-2818ecddc818",
              "isHook": false,
              "skipped": false
            }
          ],
          "suites": [],
          "passes": [
            "45cc9df4-1a13-4617-83ca-8e865acebb11"
          ],
          "failures": [],
          "pending": [],
          "skipped": [],
          "duration": 1681,
          "root": false,
          "rootEmpty": false,
          "_timeout": 2000
        }
      ],
      "passes": [],
      "failures": [],
      "pending": [],
      "skipped": [],
      "duration": 0,
      "root": true,
      "rootEmpty": true,
      "_timeout": 2000
    }
  ],
  "meta": {
    "mocha": {
      "version": "7.0.1"
    },
    "mochawesome": {
      "options": {
        "quiet": false,
        "reportFilename": "mochawesome",
        "saveHtml": false,
        "saveJson": true,
        "consoleReporter": "spec",
        "useInlineDiffs": false,
        "code": true
      },
      "version": "6.2.2"
    },
    "marge": {
      "options": {
        "overwrite": false,
        "html": false,
        "json": true,
        "timestamp": "yyyymmdd_HHMMss"
      },
      "version": "5.2.0"
    }
  }
}