{
  "stats": {
    "suites": 1,
    "tests": 1,
    "passes": 0,
    "pending": 0,
    "failures": 1,
    "start": "2021-03-24T11:10:25.154Z",
    "end": "2021-03-24T11:10:44.782Z",
    "duration": 19628,
    "testsRegistered": 1,
    "passPercent": 0,
    "pendingPercent": 0,
    "other": 0,
    "hasOther": false,
    "skipped": 0,
    "hasSkipped": false
  },
  "results": [
    {
      "uuid": "ca9ac1ab-fb60-4c93-a517-05bc8a872e50",
      "title": "",
      "fullFile": "cypress\\integration\\orangeHRM\\addEmployee.js",
      "file": "cypress\\integration\\orangeHRM\\addEmployee.js",
      "beforeHooks": [],
      "afterHooks": [],
      "tests": [],
      "suites": [
        {
          "uuid": "2965ba22-c094-4e45-8ddb-3976bd6b51d0",
          "title": "OrangeHRM",
          "fullFile": "",
          "file": "",
          "beforeHooks": [],
          "afterHooks": [],
          "tests": [
            {
              "title": "Add an employee",
              "fullTitle": "OrangeHRM Add an employee",
              "timedOut": null,
              "duration": 8218,
              "state": "failed",
              "speed": null,
              "pass": false,
              "fail": true,
              "pending": false,
              "context": null,
              "code": "cy.visit('https://opensource-demo.orangehrmlive.com/'); //Login as Admin\ncy.get('#txtUsername').type('Admin');\ncy.get('#txtPassword').type('admin123');\ncy.get('#btnLogin').click(); //Add employee information\ncy.get('#menu_pim_viewPimModule').click();\ncy.get('#menu_pim_addEmployee').click({\n  force: true\n});\ncy.get('#firstName').type(this.employee.firstName);\ncy.get('#middleName').type(this.employee.middleName);\ncy.get('#lastName').type(this.employee.lastName);\ncy.get('#employeeId').clear().type(this.employee.id);\ncy.get('#photofile').attachFile('images/myPhotography.jpg'); //Add employee details\ncy.get('#chkLogin').check();\ncy.get('#user_name').type(this.employee.userName);\ncy.get('#user_password').type(this.employee.password);\ncy.get('#re_password').type(this.employee.confirmPassword); //Verify status is \"Enabled\"\ncy.get('#status').contains('Enabled'); //Save\ncy.get('#btnSave').click();",
              "err": {
                "message": "CypressError: Timed out retrying after 4050ms: `cy.click()` failed because this element is detached from the DOM.\n\n`<a href=\"/index.php/auth/logout\">Logout</a>`\n\nCypress requires elements be attached in the DOM to interact with them.\n\nThe previous command that ran was:\n\n  > `cy.contains()`\n\nThis DOM element likely became detached somewhere between the previous and current command.\n\nCommon situations why this happens:\n  - Your JS framework re-rendered asynchronously\n  - Your app code reacted to an event firing and removed the element\n\nYou typically need to re-query for the element or add 'guards' which delay Cypress from running new commands.\n\nhttps://on.cypress.io/element-has-detached-from-dom\n\nBecause this error occurred during a `after all` hook we are skipping the remaining tests in the current suite: `OrangeHRM`",
                "estack": "CypressError: Timed out retrying after 4050ms: `cy.click()` failed because this element is detached from the DOM.\n\n`<a href=\"/index.php/auth/logout\">Logout</a>`\n\nCypress requires elements be attached in the DOM to interact with them.\n\nThe previous command that ran was:\n\n  > `cy.contains()`\n\nThis DOM element likely became detached somewhere between the previous and current command.\n\nCommon situations why this happens:\n  - Your JS framework re-rendered asynchronously\n  - Your app code reacted to an event firing and removed the element\n\nYou typically need to re-query for the element or add 'guards' which delay Cypress from running new commands.\n\nhttps://on.cypress.io/element-has-detached-from-dom\n\nBecause this error occurred during a `after all` hook we are skipping the remaining tests in the current suite: `OrangeHRM`\n    at $Cy.ensureAttached (https://opensource-demo.orangehrmlive.com/__cypress/runner/cypress_runner.js:162522:24)\n    at runAllChecks (https://opensource-demo.orangehrmlive.com/__cypress/runner/cypress_runner.js:151352:12)\n    at retryActionability (https://opensource-demo.orangehrmlive.com/__cypress/runner/cypress_runner.js:151427:16)\n    at tryCatcher (https://opensource-demo.orangehrmlive.com/__cypress/runner/cypress_runner.js:10765:23)\n    at Function.Promise.attempt.Promise.try (https://opensource-demo.orangehrmlive.com/__cypress/runner/cypress_runner.js:8039:29)\n    at tryFn (https://opensource-demo.orangehrmlive.com/__cypress/runner/cypress_runner.js:167007:21)\n    at whenStable (https://opensource-demo.orangehrmlive.com/__cypress/runner/cypress_runner.js:167045:12)\n    at https://opensource-demo.orangehrmlive.com/__cypress/runner/cypress_runner.js:166540:16\n    at tryCatcher (https://opensource-demo.orangehrmlive.com/__cypress/runner/cypress_runner.js:10765:23)\n    at Promise._settlePromiseFromHandler (https://opensource-demo.orangehrmlive.com/__cypress/runner/cypress_runner.js:8700:31)\n    at Promise._settlePromise (https://opensource-demo.orangehrmlive.com/__cypress/runner/cypress_runner.js:8757:18)\n    at Promise._settlePromise0 (https://opensource-demo.orangehrmlive.com/__cypress/runner/cypress_runner.js:8802:10)\n    at Promise._settlePromises (https://opensource-demo.orangehrmlive.com/__cypress/runner/cypress_runner.js:8882:18)\n    at Promise._fulfill (https://opensource-demo.orangehrmlive.com/__cypress/runner/cypress_runner.js:8826:18)\n    at https://opensource-demo.orangehrmlive.com/__cypress/runner/cypress_runner.js:10440:46\nFrom Your Spec Code:\n    at Context.eval (https://opensource-demo.orangehrmlive.com/__cypress/tests?p=cypress\\integration\\orangeHRM\\addEmployee.js:131:27)",
                "diff": null
              },
              "uuid": "b64ac453-1cc9-4367-af73-f622f1f4b767",
              "parentUUID": "2965ba22-c094-4e45-8ddb-3976bd6b51d0",
              "isHook": false,
              "skipped": false
            }
          ],
          "suites": [],
          "passes": [],
          "failures": [
            "b64ac453-1cc9-4367-af73-f622f1f4b767"
          ],
          "pending": [],
          "skipped": [],
          "duration": 8218,
          "root": false,
          "rootEmpty": false,
          "_timeout": 2000
        }
      ],
      "passes": [],
      "failures": [],
      "pending": [],
      "skipped": [],
      "duration": 0,
      "root": true,
      "rootEmpty": true,
      "_timeout": 2000
    }
  ],
  "meta": {
    "mocha": {
      "version": "7.0.1"
    },
    "mochawesome": {
      "options": {
        "quiet": false,
        "reportFilename": "mochawesome",
        "saveHtml": false,
        "saveJson": true,
        "consoleReporter": "spec",
        "useInlineDiffs": false,
        "code": true
      },
      "version": "6.2.2"
    },
    "marge": {
      "options": {
        "overwrite": false,
        "html": false,
        "json": true,
        "timestamp": "yyyymmdd_HHMMss"
      },
      "version": "5.2.0"
    }
  }
}