{
  "stats": {
    "suites": 1,
    "tests": 3,
    "passes": 2,
    "pending": 0,
    "failures": 1,
    "start": "2021-03-24T14:26:18.908Z",
    "end": "2021-03-24T14:26:43.609Z",
    "duration": 24701,
    "testsRegistered": 3,
    "passPercent": 66.66666666666666,
    "pendingPercent": 0,
    "other": 0,
    "hasOther": false,
    "skipped": 0,
    "hasSkipped": false
  },
  "results": [
    {
      "uuid": "3ce5760f-abed-4f0c-aa20-d2755dd61f94",
      "title": "",
      "fullFile": "cypress\\integration\\exercice_02.js",
      "file": "cypress\\integration\\exercice_02.js",
      "beforeHooks": [],
      "afterHooks": [],
      "tests": [],
      "suites": [
        {
          "uuid": "91eed77f-3749-4d4e-9d90-e59d19263e2b",
          "title": "Exercice 2",
          "fullFile": "",
          "file": "",
          "beforeHooks": [],
          "afterHooks": [],
          "tests": [
            {
              "title": "open shop.demoqa.com in browser",
              "fullTitle": "Exercice 2 open shop.demoqa.com in browser",
              "timedOut": null,
              "duration": 10688,
              "state": "passed",
              "speed": "slow",
              "pass": true,
              "fail": false,
              "pending": false,
              "context": null,
              "code": "cy.screenshot();",
              "err": {},
              "uuid": "28651bfc-3431-43c1-b5e9-fe4cd8d240db",
              "parentUUID": "91eed77f-3749-4d4e-9d90-e59d19263e2b",
              "isHook": false,
              "skipped": false
            },
            {
              "title": "open shop.demoqa.com in iphone 8",
              "fullTitle": "Exercice 2 open shop.demoqa.com in iphone 8",
              "timedOut": null,
              "duration": 10418,
              "state": "passed",
              "speed": "slow",
              "pass": true,
              "fail": false,
              "pending": false,
              "context": null,
              "code": "cy.viewport('iphone-8');\ncy.screenshot();\ncy.log('open in iphone 8 is ok');",
              "err": {},
              "uuid": "ca72cae6-7559-4426-a089-b1771df4d4ab",
              "parentUUID": "91eed77f-3749-4d4e-9d90-e59d19263e2b",
              "isHook": false,
              "skipped": false
            },
            {
              "title": "open shop.demoqa.com in samsung s10",
              "fullTitle": "Exercice 2 open shop.demoqa.com in samsung s10",
              "timedOut": null,
              "duration": 2048,
              "state": "failed",
              "speed": null,
              "pass": false,
              "fail": true,
              "pending": false,
              "context": null,
              "code": "cy.viewport('');\ncy.screenshot();",
              "err": {
                "message": "CypressError: `cy.viewport()` cannot be passed an empty string.\n\nhttps://on.cypress.io/viewport",
                "estack": "CypressError: `cy.viewport()` cannot be passed an empty string.\n\nhttps://on.cypress.io/viewport\n    at Context.viewport (http://shop.demoqa.com/__cypress/runner/cypress_runner.js:161742:19)\nFrom Your Spec Code:\n    at Context.eval (http://shop.demoqa.com/__cypress/tests?p=cypress\\integration\\exercice_02.js:112:8)",
                "diff": null
              },
              "uuid": "a262c9ca-eac8-4039-8ff3-e06e4cb4fdaa",
              "parentUUID": "91eed77f-3749-4d4e-9d90-e59d19263e2b",
              "isHook": false,
              "skipped": false
            }
          ],
          "suites": [],
          "passes": [
            "28651bfc-3431-43c1-b5e9-fe4cd8d240db",
            "ca72cae6-7559-4426-a089-b1771df4d4ab"
          ],
          "failures": [
            "a262c9ca-eac8-4039-8ff3-e06e4cb4fdaa"
          ],
          "pending": [],
          "skipped": [],
          "duration": 23154,
          "root": false,
          "rootEmpty": false,
          "_timeout": 2000
        }
      ],
      "passes": [],
      "failures": [],
      "pending": [],
      "skipped": [],
      "duration": 0,
      "root": true,
      "rootEmpty": true,
      "_timeout": 2000
    }
  ],
  "meta": {
    "mocha": {
      "version": "7.0.1"
    },
    "mochawesome": {
      "options": {
        "quiet": false,
        "reportFilename": "mochawesome",
        "saveHtml": false,
        "saveJson": true,
        "consoleReporter": "spec",
        "useInlineDiffs": false,
        "code": true
      },
      "version": "6.2.2"
    },
    "marge": {
      "options": {
        "overwrite": false,
        "html": false,
        "json": true,
        "timestamp": "yyyymmdd_HHMMss"
      },
      "version": "5.2.0"
    }
  }
}