{
  "stats": {
    "suites": 1,
    "tests": 3,
    "passes": 3,
    "pending": 0,
    "failures": 0,
    "start": "2021-03-21T11:43:44.943Z",
    "end": "2021-03-21T11:44:16.665Z",
    "duration": 31722,
    "testsRegistered": 3,
    "passPercent": 100,
    "pendingPercent": 0,
    "other": 0,
    "hasOther": false,
    "skipped": 0,
    "hasSkipped": false
  },
  "results": [
    {
      "uuid": "669cd427-0b5a-4604-bfff-7019830b9fb0",
      "title": "",
      "fullFile": "cypress\\integration\\exercice_01.js",
      "file": "cypress\\integration\\exercice_01.js",
      "beforeHooks": [],
      "afterHooks": [],
      "tests": [],
      "suites": [
        {
          "uuid": "f82b51a1-0db0-4af2-b512-abb98126e8cf",
          "title": "Exercice 1",
          "fullFile": "",
          "file": "",
          "beforeHooks": [],
          "afterHooks": [],
          "tests": [
            {
              "title": "open shop.demoqa.com in browser",
              "fullTitle": "Exercice 1 open shop.demoqa.com in browser",
              "timedOut": null,
              "duration": 9800,
              "state": "passed",
              "speed": "slow",
              "pass": true,
              "fail": false,
              "pending": false,
              "context": null,
              "code": "cy.screenshot();",
              "err": {},
              "uuid": "bccb2817-9d57-4acf-a03e-35eb58bae492",
              "parentUUID": "f82b51a1-0db0-4af2-b512-abb98126e8cf",
              "isHook": false,
              "skipped": false
            },
            {
              "title": "open shop.demoqa.com in iphone 8",
              "fullTitle": "Exercice 1 open shop.demoqa.com in iphone 8",
              "timedOut": null,
              "duration": 10320,
              "state": "passed",
              "speed": "slow",
              "pass": true,
              "fail": false,
              "pending": false,
              "context": null,
              "code": "cy.viewport('iphone-8');\ncy.screenshot();",
              "err": {},
              "uuid": "f4ba887f-9f7c-4103-821e-386eaa280afc",
              "parentUUID": "f82b51a1-0db0-4af2-b512-abb98126e8cf",
              "isHook": false,
              "skipped": false
            },
            {
              "title": "open shop.demoqa.com in samsung s10",
              "fullTitle": "Exercice 1 open shop.demoqa.com in samsung s10",
              "timedOut": null,
              "duration": 10165,
              "state": "passed",
              "speed": "slow",
              "pass": true,
              "fail": false,
              "pending": false,
              "context": null,
              "code": "cy.viewport('samsung-s10');\ncy.screenshot();",
              "err": {},
              "uuid": "6db13031-de39-4c5e-af3b-8be75701263a",
              "parentUUID": "f82b51a1-0db0-4af2-b512-abb98126e8cf",
              "isHook": false,
              "skipped": false
            }
          ],
          "suites": [],
          "passes": [
            "bccb2817-9d57-4acf-a03e-35eb58bae492",
            "f4ba887f-9f7c-4103-821e-386eaa280afc",
            "6db13031-de39-4c5e-af3b-8be75701263a"
          ],
          "failures": [],
          "pending": [],
          "skipped": [],
          "duration": 30285,
          "root": false,
          "rootEmpty": false,
          "_timeout": 2000
        }
      ],
      "passes": [],
      "failures": [],
      "pending": [],
      "skipped": [],
      "duration": 0,
      "root": true,
      "rootEmpty": true,
      "_timeout": 2000
    }
  ],
  "meta": {
    "mocha": {
      "version": "7.0.1"
    },
    "mochawesome": {
      "options": {
        "quiet": false,
        "reportFilename": "mochawesome",
        "saveHtml": false,
        "saveJson": true,
        "consoleReporter": "spec",
        "useInlineDiffs": false,
        "code": true
      },
      "version": "6.2.2"
    },
    "marge": {
      "options": {
        "overwrite": false,
        "html": false,
        "json": true,
        "timestamp": "yyyymmdd_HHMMss"
      },
      "version": "5.2.0"
    }
  }
}