{
  "stats": {
    "suites": 1,
    "tests": 1,
    "passes": 1,
    "pending": 0,
    "failures": 0,
    "start": "2021-03-19T15:29:40.188Z",
    "end": "2021-03-19T15:29:49.507Z",
    "duration": 9319,
    "testsRegistered": 1,
    "passPercent": 100,
    "pendingPercent": 0,
    "other": 0,
    "hasOther": false,
    "skipped": 0,
    "hasSkipped": false
  },
  "results": [
    {
      "uuid": "46dbd3e3-5153-4359-85c5-132a0f68d824",
      "title": "",
      "fullFile": "cypress\\integration\\demo_with_fixtures.js",
      "file": "cypress\\integration\\demo_with_fixtures.js",
      "beforeHooks": [],
      "afterHooks": [],
      "tests": [],
      "suites": [
        {
          "uuid": "881c51ed-b0e0-4aac-a565-6cccd337ba3e",
          "title": "Demo automation with fixtures",
          "fullFile": "",
          "file": "",
          "beforeHooks": [],
          "afterHooks": [],
          "tests": [
            {
              "title": "Sign in",
              "fullTitle": "Demo automation with fixtures Sign in",
              "timedOut": null,
              "duration": 6222,
              "state": "passed",
              "speed": "slow",
              "pass": true,
              "fail": false,
              "pending": false,
              "context": null,
              "code": "cy.visit('https://shop.demoqa.com/my-account/');\ncy.get('#reg_username').type(this.user.username);\ncy.get('#reg_email').type(this.user.email);\ncy.get('#reg_password').type(this.user.password);\ncy.get('.woocommerce-Button').click();",
              "err": {},
              "uuid": "20e76a89-e062-4b4f-bb5c-f42a58c12491",
              "parentUUID": "881c51ed-b0e0-4aac-a565-6cccd337ba3e",
              "isHook": false,
              "skipped": false
            }
          ],
          "suites": [],
          "passes": [
            "20e76a89-e062-4b4f-bb5c-f42a58c12491"
          ],
          "failures": [],
          "pending": [],
          "skipped": [],
          "duration": 6222,
          "root": false,
          "rootEmpty": false,
          "_timeout": 2000
        }
      ],
      "passes": [],
      "failures": [],
      "pending": [],
      "skipped": [],
      "duration": 0,
      "root": true,
      "rootEmpty": true,
      "_timeout": 2000
    }
  ],
  "meta": {
    "mocha": {
      "version": "7.0.1"
    },
    "mochawesome": {
      "options": {
        "quiet": false,
        "reportFilename": "mochawesome",
        "saveHtml": false,
        "saveJson": true,
        "consoleReporter": "spec",
        "useInlineDiffs": false,
        "code": true
      },
      "version": "6.2.2"
    },
    "marge": {
      "options": {
        "overwrite": false,
        "html": false,
        "json": true,
        "timestamp": "yyyymmdd_HHMMss"
      },
      "version": "5.2.0"
    }
  }
}