{
  "stats": {
    "suites": 1,
    "tests": 1,
    "passes": 1,
    "pending": 0,
    "failures": 0,
    "start": "2021-03-24T14:28:30.624Z",
    "end": "2021-03-24T14:28:33.244Z",
    "duration": 2620,
    "testsRegistered": 1,
    "passPercent": 100,
    "pendingPercent": 0,
    "other": 0,
    "hasOther": false,
    "skipped": 0,
    "hasSkipped": false
  },
  "results": [
    {
      "uuid": "c7ced4d2-5523-4eda-a845-4a35fdb80fac",
      "title": "",
      "fullFile": "cypress\\integration\\form.js",
      "file": "cypress\\integration\\form.js",
      "beforeHooks": [],
      "afterHooks": [],
      "tests": [],
      "suites": [
        {
          "uuid": "27779126-61eb-44a5-9239-28a4d318e3c9",
          "title": "Submit a form",
          "fullFile": "",
          "file": "",
          "beforeHooks": [],
          "afterHooks": [],
          "tests": [
            {
              "title": "fills out and submit a form and verify data",
              "fullTitle": "Submit a form fills out and submit a form and verify data",
              "timedOut": null,
              "duration": 1827,
              "state": "passed",
              "speed": "slow",
              "pass": true,
              "fail": false,
              "pending": false,
              "context": null,
              "code": "cy.visit('https://demoqa.com/automation-practice-form');\ncy.get('#dateOfBirthInput').click();\ncy.get('.react-datepicker__month-select').select('June');\ncy.get('.react-datepicker__year-select').select('1973');",
              "err": {},
              "uuid": "68f2fb0a-c178-489a-b829-660117cb162c",
              "parentUUID": "27779126-61eb-44a5-9239-28a4d318e3c9",
              "isHook": false,
              "skipped": false
            }
          ],
          "suites": [],
          "passes": [
            "68f2fb0a-c178-489a-b829-660117cb162c"
          ],
          "failures": [],
          "pending": [],
          "skipped": [],
          "duration": 1827,
          "root": false,
          "rootEmpty": false,
          "_timeout": 2000
        }
      ],
      "passes": [],
      "failures": [],
      "pending": [],
      "skipped": [],
      "duration": 0,
      "root": true,
      "rootEmpty": true,
      "_timeout": 2000
    }
  ],
  "meta": {
    "mocha": {
      "version": "7.0.1"
    },
    "mochawesome": {
      "options": {
        "quiet": false,
        "reportFilename": "mochawesome",
        "saveHtml": false,
        "saveJson": true,
        "consoleReporter": "spec",
        "useInlineDiffs": false,
        "code": true
      },
      "version": "6.2.2"
    },
    "marge": {
      "options": {
        "overwrite": false,
        "html": false,
        "json": true,
        "timestamp": "yyyymmdd_HHMMss"
      },
      "version": "5.2.0"
    }
  }
}