{
  "stats": {
    "suites": 1,
    "tests": 1,
    "passes": 0,
    "pending": 0,
    "failures": 1,
    "start": "2021-03-24T11:07:59.013Z",
    "end": "2021-03-24T11:07:59.437Z",
    "duration": 424,
    "testsRegistered": 1,
    "passPercent": 0,
    "pendingPercent": 0,
    "other": 0,
    "hasOther": false,
    "skipped": 0,
    "hasSkipped": false
  },
  "results": [
    {
      "uuid": "985c989c-5422-46a6-9597-61214aad8166",
      "title": "",
      "fullFile": "cypress\\integration\\home_page_spec.js",
      "file": "cypress\\integration\\home_page_spec.js",
      "beforeHooks": [],
      "afterHooks": [],
      "tests": [],
      "suites": [
        {
          "uuid": "864d9c1e-7f08-48a0-aaa1-6cb0c671c155",
          "title": "My Home Page",
          "fullFile": "",
          "file": "",
          "beforeHooks": [],
          "afterHooks": [],
          "tests": [
            {
              "title": "successfully loads",
              "fullTitle": "My Home Page successfully loads",
              "timedOut": null,
              "duration": 379,
              "state": "failed",
              "speed": null,
              "pass": false,
              "fail": true,
              "pending": false,
              "context": null,
              "code": "cy.visit('/');",
              "err": {
                "message": "CypressError: `cy.visit()` failed trying to load:\n\n/\n\nWe failed looking for this file at the path:\n\n/Users/marti/TutoCypress/\n\nThe internal Cypress web server responded with:\n\n  > 404: Not Found",
                "estack": "CypressError: `cy.visit()` failed trying to load:\n\n/\n\nWe failed looking for this file at the path:\n\n/Users/marti/TutoCypress/\n\nThe internal Cypress web server responded with:\n\n  > 404: Not Found\n    at http://localhost:59597/__cypress/runner/cypress_runner.js:159060:25\n    at visitFailedByErr (http://localhost:59597/__cypress/runner/cypress_runner.js:158436:12)\n    at http://localhost:59597/__cypress/runner/cypress_runner.js:159040:13\n    at tryCatcher (http://localhost:59597/__cypress/runner/cypress_runner.js:10765:23)\n    at Promise._settlePromiseFromHandler (http://localhost:59597/__cypress/runner/cypress_runner.js:8700:31)\n    at Promise._settlePromise (http://localhost:59597/__cypress/runner/cypress_runner.js:8757:18)\n    at Promise._settlePromise0 (http://localhost:59597/__cypress/runner/cypress_runner.js:8802:10)\n    at Promise._settlePromises (http://localhost:59597/__cypress/runner/cypress_runner.js:8878:18)\n    at _drainQueueStep (http://localhost:59597/__cypress/runner/cypress_runner.js:5472:12)\n    at _drainQueue (http://localhost:59597/__cypress/runner/cypress_runner.js:5465:9)\n    at Async.../../node_modules/bluebird/js/release/async.js.Async._drainQueues (http://localhost:59597/__cypress/runner/cypress_runner.js:5481:5)\n    at Async.drainQueues (http://localhost:59597/__cypress/runner/cypress_runner.js:5351:14)\nFrom Your Spec Code:\n    at Context.eval (http://localhost:59597/__cypress/tests?p=cypress\\integration\\home_page_spec.js:101:8)",
                "diff": null
              },
              "uuid": "2785847b-c0ed-4eb7-b81e-e24dd1bc40b1",
              "parentUUID": "864d9c1e-7f08-48a0-aaa1-6cb0c671c155",
              "isHook": false,
              "skipped": false
            }
          ],
          "suites": [],
          "passes": [],
          "failures": [
            "2785847b-c0ed-4eb7-b81e-e24dd1bc40b1"
          ],
          "pending": [],
          "skipped": [],
          "duration": 379,
          "root": false,
          "rootEmpty": false,
          "_timeout": 2000
        }
      ],
      "passes": [],
      "failures": [],
      "pending": [],
      "skipped": [],
      "duration": 0,
      "root": true,
      "rootEmpty": true,
      "_timeout": 2000
    }
  ],
  "meta": {
    "mocha": {
      "version": "7.0.1"
    },
    "mochawesome": {
      "options": {
        "quiet": false,
        "reportFilename": "mochawesome",
        "saveHtml": false,
        "saveJson": true,
        "consoleReporter": "spec",
        "useInlineDiffs": false,
        "code": true
      },
      "version": "6.2.2"
    },
    "marge": {
      "options": {
        "overwrite": false,
        "html": false,
        "json": true,
        "timestamp": "yyyymmdd_HHMMss"
      },
      "version": "5.2.0"
    }
  }
}