{
  "stats": {
    "suites": 1,
    "tests": 1,
    "passes": 1,
    "pending": 0,
    "failures": 0,
    "start": "2021-03-21T11:46:26.346Z",
    "end": "2021-03-21T11:46:29.411Z",
    "duration": 3065,
    "testsRegistered": 1,
    "passPercent": 100,
    "pendingPercent": 0,
    "other": 0,
    "hasOther": false,
    "skipped": 0,
    "hasSkipped": false
  },
  "results": [
    {
      "uuid": "59f3f879-2ec0-42a1-868c-0cd4fde36725",
      "title": "",
      "fullFile": "cypress\\integration\\orangeHRM\\orangeHRMLogin.js",
      "file": "cypress\\integration\\orangeHRM\\orangeHRMLogin.js",
      "beforeHooks": [],
      "afterHooks": [],
      "tests": [],
      "suites": [
        {
          "uuid": "1a7d8e91-6592-48ab-bfcb-b4cfcba98e46",
          "title": "OrangeHRMLogin",
          "fullFile": "",
          "file": "",
          "beforeHooks": [],
          "afterHooks": [],
          "tests": [
            {
              "title": "Le panneau LOGIN doit apparaître quand on ouvre l'URL",
              "fullTitle": "OrangeHRMLogin Le panneau LOGIN doit apparaître quand on ouvre l'URL",
              "timedOut": null,
              "duration": 1705,
              "state": "passed",
              "speed": "slow",
              "pass": true,
              "fail": false,
              "pending": false,
              "context": null,
              "code": "cy.visit('https://opensource-demo.orangehrmlive.com/');\ncy.get('#frmLogin').contains('LOGIN');",
              "err": {},
              "uuid": "7e535c3c-01f7-4b19-89dd-84618487e37d",
              "parentUUID": "1a7d8e91-6592-48ab-bfcb-b4cfcba98e46",
              "isHook": false,
              "skipped": false
            }
          ],
          "suites": [],
          "passes": [
            "7e535c3c-01f7-4b19-89dd-84618487e37d"
          ],
          "failures": [],
          "pending": [],
          "skipped": [],
          "duration": 1705,
          "root": false,
          "rootEmpty": false,
          "_timeout": 2000
        }
      ],
      "passes": [],
      "failures": [],
      "pending": [],
      "skipped": [],
      "duration": 0,
      "root": true,
      "rootEmpty": true,
      "_timeout": 2000
    }
  ],
  "meta": {
    "mocha": {
      "version": "7.0.1"
    },
    "mochawesome": {
      "options": {
        "quiet": false,
        "reportFilename": "mochawesome",
        "saveHtml": false,
        "saveJson": true,
        "consoleReporter": "spec",
        "useInlineDiffs": false,
        "code": true
      },
      "version": "6.2.2"
    },
    "marge": {
      "options": {
        "overwrite": false,
        "html": false,
        "json": true,
        "timestamp": "yyyymmdd_HHMMss"
      },
      "version": "5.2.0"
    }
  }
}