{
  "stats": {
    "suites": 1,
    "tests": 1,
    "passes": 1,
    "pending": 0,
    "failures": 0,
    "start": "2021-03-25T10:20:40.261Z",
    "end": "2021-03-25T10:20:50.248Z",
    "duration": 9987,
    "testsRegistered": 1,
    "passPercent": 100,
    "pendingPercent": 0,
    "other": 0,
    "hasOther": false,
    "skipped": 0,
    "hasSkipped": false
  },
  "results": [
    {
      "uuid": "88541ed9-dc2b-4249-b407-1749835a6248",
      "title": "",
      "fullFile": "cypress\\integration\\orangeHRM\\addEmployee2.js",
      "file": "cypress\\integration\\orangeHRM\\addEmployee2.js",
      "beforeHooks": [],
      "afterHooks": [],
      "tests": [],
      "suites": [
        {
          "uuid": "b36c8ad6-f980-45d1-8298-6608c3c02ed2",
          "title": "OrangeHRM",
          "fullFile": "",
          "file": "",
          "beforeHooks": [],
          "afterHooks": [],
          "tests": [
            {
              "title": "Add an employee",
              "fullTitle": "OrangeHRM Add an employee",
              "timedOut": null,
              "duration": 8672,
              "state": "passed",
              "speed": "slow",
              "pass": true,
              "fail": false,
              "pending": false,
              "context": null,
              "code": "//cy.visit('https://opensource-demo.orangehrmlive.com/')\n//Login as Admin\n//cy.get('#txtUsername').type('Admin')\n//cy.get('#txtPassword').type('admin123')\n//cy.get('#btnLogin').click()\n//Add employee information\ncy.get('#menu_pim_viewPimModule').click();\ncy.get('#menu_pim_addEmployee').click({\n  force: true\n});\ncy.get('#firstName').type(this.employee.firstName);\ncy.get('#middleName').type(this.employee.middleName);\ncy.get('#lastName').type(this.employee.lastName);\ncy.get('#employeeId').clear().type(this.employee.id);\ncy.get('#photofile').attachFile('images/myPhotography.jpg'); //Add employee details\ncy.get('#chkLogin').check();\ncy.get('#user_name').type(this.employee.userName);\ncy.get('#user_password').type(this.employee.password);\ncy.get('#re_password').type(this.employee.confirmPassword); //Verify status is \"Enabled\"\ncy.get('#status').contains('Enabled'); //Save\ncy.get('#btnSave').click();",
              "err": {},
              "uuid": "ab6e15a2-dc58-4dce-a369-0938a12e634f",
              "parentUUID": "b36c8ad6-f980-45d1-8298-6608c3c02ed2",
              "isHook": false,
              "skipped": false
            }
          ],
          "suites": [],
          "passes": [
            "ab6e15a2-dc58-4dce-a369-0938a12e634f"
          ],
          "failures": [],
          "pending": [],
          "skipped": [],
          "duration": 8672,
          "root": false,
          "rootEmpty": false,
          "_timeout": 2000
        }
      ],
      "passes": [],
      "failures": [],
      "pending": [],
      "skipped": [],
      "duration": 0,
      "root": true,
      "rootEmpty": true,
      "_timeout": 2000
    }
  ],
  "meta": {
    "mocha": {
      "version": "7.0.1"
    },
    "mochawesome": {
      "options": {
        "quiet": false,
        "reportFilename": "mochawesome",
        "saveHtml": false,
        "saveJson": true,
        "consoleReporter": "spec",
        "useInlineDiffs": false,
        "code": true
      },
      "version": "6.2.2"
    },
    "marge": {
      "options": {
        "overwrite": false,
        "html": false,
        "json": true,
        "timestamp": "yyyymmdd_HHMMss"
      },
      "version": "5.2.0"
    }
  }
}