{
  "stats": {
    "suites": 1,
    "tests": 1,
    "passes": 1,
    "pending": 0,
    "failures": 0,
    "start": "2021-03-24T11:07:05.860Z",
    "end": "2021-03-24T11:07:13.493Z",
    "duration": 7633,
    "testsRegistered": 1,
    "passPercent": 100,
    "pendingPercent": 0,
    "other": 0,
    "hasOther": false,
    "skipped": 0,
    "hasSkipped": false
  },
  "results": [
    {
      "uuid": "93298c75-2028-4037-afe1-cbc3f3a3b58c",
      "title": "",
      "fullFile": "cypress\\integration\\exercice_04.js",
      "file": "cypress\\integration\\exercice_04.js",
      "beforeHooks": [],
      "afterHooks": [],
      "tests": [],
      "suites": [
        {
          "uuid": "20fd718a-fec4-4820-8aef-c4bca079b55d",
          "title": "Automation practice form",
          "fullFile": "",
          "file": "",
          "beforeHooks": [],
          "afterHooks": [],
          "tests": [
            {
              "title": "fills the student registration form",
              "fullTitle": "Automation practice form fills the student registration form",
              "timedOut": null,
              "duration": 6114,
              "state": "passed",
              "speed": "slow",
              "pass": true,
              "fail": false,
              "pending": false,
              "context": null,
              "code": "cy.visit('https://demoqa.com/automation-practice-form/'); //fill the form with fixtures\ncy.get('#firstName').type(this.student.firstName);\ncy.get('#lastName').type(this.student.lastName);\ncy.get('#userEmail').type(this.student.email);\ncy.get('#userNumber').type(this.student.mobile); //select gender\ncy.get('input[value=\"Female\"]').click({\n  force: true\n}); //select date of birth\ncy.get('#dateOfBirthInput').click();\ncy.get('.react-datepicker__month-select').select('June');\ncy.get('.react-datepicker__year-select').select('2001'); //upload a picture\ncy.get('#uploadPicture').attachFile(filepath); //submit the form\ncy.get('#submit').click(); //verify the registered values\ncy.contains(this.student.firstName).contains(this.student.lastName);\ncy.screenshot();",
              "err": {},
              "uuid": "c916341a-c2d4-4ceb-bb9a-bf578eace1c5",
              "parentUUID": "20fd718a-fec4-4820-8aef-c4bca079b55d",
              "isHook": false,
              "skipped": false
            }
          ],
          "suites": [],
          "passes": [
            "c916341a-c2d4-4ceb-bb9a-bf578eace1c5"
          ],
          "failures": [],
          "pending": [],
          "skipped": [],
          "duration": 6114,
          "root": false,
          "rootEmpty": false,
          "_timeout": 2000
        }
      ],
      "passes": [],
      "failures": [],
      "pending": [],
      "skipped": [],
      "duration": 0,
      "root": true,
      "rootEmpty": true,
      "_timeout": 2000
    }
  ],
  "meta": {
    "mocha": {
      "version": "7.0.1"
    },
    "mochawesome": {
      "options": {
        "quiet": false,
        "reportFilename": "mochawesome",
        "saveHtml": false,
        "saveJson": true,
        "consoleReporter": "spec",
        "useInlineDiffs": false,
        "code": true
      },
      "version": "6.2.2"
    },
    "marge": {
      "options": {
        "overwrite": false,
        "html": false,
        "json": true,
        "timestamp": "yyyymmdd_HHMMss"
      },
      "version": "5.2.0"
    }
  }
}