{
  "stats": {
    "suites": 1,
    "tests": 1,
    "passes": 1,
    "pending": 0,
    "failures": 0,
    "start": "2021-03-25T10:14:45.813Z",
    "end": "2021-03-25T10:14:49.435Z",
    "duration": 3622,
    "testsRegistered": 1,
    "passPercent": 100,
    "pendingPercent": 0,
    "other": 0,
    "hasOther": false,
    "skipped": 0,
    "hasSkipped": false
  },
  "results": [
    {
      "uuid": "da9e4977-c1f6-424e-b2de-fb4d010dceff",
      "title": "",
      "fullFile": "cypress\\integration\\demo_file_upload.js",
      "file": "cypress\\integration\\demo_file_upload.js",
      "beforeHooks": [],
      "afterHooks": [],
      "tests": [],
      "suites": [
        {
          "uuid": "d48ed1da-28a7-4754-88c1-9a80a2ccac43",
          "title": "Example to demonstrate file upload in cypress",
          "fullFile": "",
          "file": "",
          "beforeHooks": [],
          "afterHooks": [],
          "tests": [
            {
              "title": "Upload a photography and verify if uploaded",
              "fullTitle": "Example to demonstrate file upload in cypress Upload a photography and verify if uploaded",
              "timedOut": null,
              "duration": 2125,
              "state": "passed",
              "speed": "slow",
              "pass": true,
              "fail": false,
              "pending": false,
              "context": null,
              "code": "var filepath = 'images/myPhotography.jpg';\ncy.get('#uploadFile').attachFile(filepath);\ncy.get('#uploadedFilePath').contains('myPhotography');",
              "err": {},
              "uuid": "e735a902-c61a-4600-b614-94acfdb393be",
              "parentUUID": "d48ed1da-28a7-4754-88c1-9a80a2ccac43",
              "isHook": false,
              "skipped": false
            }
          ],
          "suites": [],
          "passes": [
            "e735a902-c61a-4600-b614-94acfdb393be"
          ],
          "failures": [],
          "pending": [],
          "skipped": [],
          "duration": 2125,
          "root": false,
          "rootEmpty": false,
          "_timeout": 2000
        }
      ],
      "passes": [],
      "failures": [],
      "pending": [],
      "skipped": [],
      "duration": 0,
      "root": true,
      "rootEmpty": true,
      "_timeout": 2000
    }
  ],
  "meta": {
    "mocha": {
      "version": "7.0.1"
    },
    "mochawesome": {
      "options": {
        "quiet": false,
        "reportFilename": "mochawesome",
        "saveHtml": false,
        "saveJson": true,
        "consoleReporter": "spec",
        "useInlineDiffs": false,
        "code": true
      },
      "version": "6.2.2"
    },
    "marge": {
      "options": {
        "overwrite": false,
        "html": false,
        "json": true,
        "timestamp": "yyyymmdd_HHMMss"
      },
      "version": "5.2.0"
    }
  }
}