{
  "stats": {
    "suites": 1,
    "tests": 1,
    "passes": 1,
    "pending": 0,
    "failures": 0,
    "start": "2021-03-24T14:27:41.778Z",
    "end": "2021-03-24T14:27:48.909Z",
    "duration": 7131,
    "testsRegistered": 1,
    "passPercent": 100,
    "pendingPercent": 0,
    "other": 0,
    "hasOther": false,
    "skipped": 0,
    "hasSkipped": false
  },
  "results": [
    {
      "uuid": "d52934cb-99ba-45b0-9e05-c32998b7e751",
      "title": "",
      "fullFile": "cypress\\integration\\exercice_04.js",
      "file": "cypress\\integration\\exercice_04.js",
      "beforeHooks": [],
      "afterHooks": [],
      "tests": [],
      "suites": [
        {
          "uuid": "adee5317-b06e-4bef-8237-127283449f62",
          "title": "Automation practice form",
          "fullFile": "",
          "file": "",
          "beforeHooks": [],
          "afterHooks": [],
          "tests": [
            {
              "title": "fills the student registration form",
              "fullTitle": "Automation practice form fills the student registration form",
              "timedOut": null,
              "duration": 5656,
              "state": "passed",
              "speed": "slow",
              "pass": true,
              "fail": false,
              "pending": false,
              "context": null,
              "code": "cy.visit('https://demoqa.com/automation-practice-form/'); //fill the form with fixtures\ncy.get('#firstName').type(this.student.firstName);\ncy.get('#lastName').type(this.student.lastName);\ncy.get('#userEmail').type(this.student.email);\ncy.get('#userNumber').type(this.student.mobile); //select gender\ncy.get('input[value=\"Female\"]').click({\n  force: true\n}); //select date of birth\ncy.get('#dateOfBirthInput').click();\ncy.get('.react-datepicker__month-select').select('June');\ncy.get('.react-datepicker__year-select').select('2001'); //upload a picture\ncy.get('#uploadPicture').attachFile(filepath); //submit the form\ncy.get('#submit').click(); //verify the registered values\ncy.contains(this.student.firstName).contains(this.student.lastName);\ncy.screenshot();",
              "err": {},
              "uuid": "833b60c8-964b-4eae-9573-14ae0b849b4c",
              "parentUUID": "adee5317-b06e-4bef-8237-127283449f62",
              "isHook": false,
              "skipped": false
            }
          ],
          "suites": [],
          "passes": [
            "833b60c8-964b-4eae-9573-14ae0b849b4c"
          ],
          "failures": [],
          "pending": [],
          "skipped": [],
          "duration": 5656,
          "root": false,
          "rootEmpty": false,
          "_timeout": 2000
        }
      ],
      "passes": [],
      "failures": [],
      "pending": [],
      "skipped": [],
      "duration": 0,
      "root": true,
      "rootEmpty": true,
      "_timeout": 2000
    }
  ],
  "meta": {
    "mocha": {
      "version": "7.0.1"
    },
    "mochawesome": {
      "options": {
        "quiet": false,
        "reportFilename": "mochawesome",
        "saveHtml": false,
        "saveJson": true,
        "consoleReporter": "spec",
        "useInlineDiffs": false,
        "code": true
      },
      "version": "6.2.2"
    },
    "marge": {
      "options": {
        "overwrite": false,
        "html": false,
        "json": true,
        "timestamp": "yyyymmdd_HHMMss"
      },
      "version": "5.2.0"
    }
  }
}