{
  "stats": {
    "suites": 1,
    "tests": 1,
    "passes": 0,
    "pending": 0,
    "failures": 1,
    "start": "2021-03-24T11:04:19.987Z",
    "end": "2021-03-24T11:04:30.517Z",
    "duration": 10530,
    "testsRegistered": 1,
    "passPercent": 0,
    "pendingPercent": 0,
    "other": 0,
    "hasOther": false,
    "skipped": 0,
    "hasSkipped": false
  },
  "results": [
    {
      "uuid": "de8adb75-d4a4-4778-bb38-cb714294be14",
      "title": "",
      "fullFile": "cypress\\integration\\automationTestGherkin.js",
      "file": "cypress\\integration\\automationTestGherkin.js",
      "beforeHooks": [],
      "afterHooks": [],
      "tests": [],
      "suites": [
        {
          "uuid": "a0d06b14-b0f6-4bab-a3a1-9bf723aa4ff2",
          "title": "site toolsQA Shop",
          "fullFile": "",
          "file": "",
          "beforeHooks": [],
          "afterHooks": [],
          "tests": [
            {
              "title": "add shirts on cart",
              "fullTitle": "site toolsQA Shop add shirts on cart",
              "timedOut": null,
              "duration": 8270,
              "state": "failed",
              "speed": null,
              "pass": false,
              "fail": true,
              "pending": false,
              "context": null,
              "code": "//Given J'accède à la page http://shop.demoqa.com/my-account/\ncy.visit('http://shop.demoqa.com/my-account/'); //And Je m'enregistre avec le nom d'utilisateur \"user02\",\n//l'adresse mail \"user02.test@gmail.com\"\n//et le mot de passe \"user02testPW\"\ncy.get('#reg_username').type('user02');\ncy.get('#reg_email').type('user02.test@gmail.com');\ncy.get('#reg_password').type('user02testPW');\ncy.get('.woocommerce-Button').click(); //When Je recherche \"shirt\"\ncy.get('.noo-search').click();\ncy.get('.form-control').type('shirt{enter}'); //And Je sélectionne les produits avec les spécifications suivantes\n//blue denim 34 black\ncy.get('.post-1430 > .noo-product-inner > h3 > a').click();\ncy.get('#pa_color').select('black');\ncy.get('#pa_size').select('34'); //And je clique sur \"Add to cart\"\ncy.get('.single_add_to_cart_button').click(); //And Je sélectionne un autre produit\n//playboy 40 grey\ncy.get('.noo-search').click();\ncy.get('.form-control').type('shirt{enter}');\ncy.get('.post-1491 > .noo-product-inner > h3 > a').click();\ncy.get('#pa_color').select('grey');\ncy.get('#pa_size').select('40'); //And je clique sur \"Add to cart\"\ncy.get('.single_add_to_cart_button').click(); //Then La page du panier contient \"blue denim\" et \"playboy\"\ncy.get('.woocommerce-message > .button').click();\ncy.get('.woocommerce > form').should('contain', 'blue denim');\ncy.get('.woocommerce > form').should('contain', 'playboy');",
              "err": {
                "message": "CypressError: Timed out retrying after 4050ms: `cy.click()` failed because this element is not visible:\n\n`<a class=\"noo-search\" href=\"#\">...</a>`\n\nThis element `<a.noo-search>` is not visible because it has CSS property: `display: none`\n\nFix this problem, or use `{force: true}` to disable error checking.\n\nhttps://on.cypress.io/element-cannot-be-interacted-with",
                "estack": "CypressError: Timed out retrying after 4050ms: `cy.click()` failed because this element is not visible:\n\n`<a class=\"noo-search\" href=\"#\">...</a>`\n\nThis element `<a.noo-search>` is not visible because it has CSS property: `display: none`\n\nFix this problem, or use `{force: true}` to disable error checking.\n\nhttps://on.cypress.io/element-cannot-be-interacted-with\n    at $Cy.ensureVisibility (http://shop.demoqa.com/__cypress/runner/cypress_runner.js:162505:24)\n    at runAllChecks (http://shop.demoqa.com/__cypress/runner/cypress_runner.js:151373:14)\n    at retryActionability (http://shop.demoqa.com/__cypress/runner/cypress_runner.js:151427:16)\n    at tryCatcher (http://shop.demoqa.com/__cypress/runner/cypress_runner.js:10765:23)\n    at Function.Promise.attempt.Promise.try (http://shop.demoqa.com/__cypress/runner/cypress_runner.js:8039:29)\n    at tryFn (http://shop.demoqa.com/__cypress/runner/cypress_runner.js:167007:21)\n    at whenStable (http://shop.demoqa.com/__cypress/runner/cypress_runner.js:167045:12)\n    at http://shop.demoqa.com/__cypress/runner/cypress_runner.js:166540:16\n    at tryCatcher (http://shop.demoqa.com/__cypress/runner/cypress_runner.js:10765:23)\n    at Promise._settlePromiseFromHandler (http://shop.demoqa.com/__cypress/runner/cypress_runner.js:8700:31)\n    at Promise._settlePromise (http://shop.demoqa.com/__cypress/runner/cypress_runner.js:8757:18)\n    at Promise._settlePromise0 (http://shop.demoqa.com/__cypress/runner/cypress_runner.js:8802:10)\n    at Promise._settlePromises (http://shop.demoqa.com/__cypress/runner/cypress_runner.js:8882:18)\n    at Promise._fulfill (http://shop.demoqa.com/__cypress/runner/cypress_runner.js:8826:18)\n    at http://shop.demoqa.com/__cypress/runner/cypress_runner.js:10440:46\nFrom Your Spec Code:\n    at Context.eval (http://shop.demoqa.com/__cypress/tests?p=cypress\\integration\\automationTestGherkin.js:111:27)",
                "diff": null
              },
              "uuid": "08c0606b-fc66-4248-b201-e5a27c4c25a6",
              "parentUUID": "a0d06b14-b0f6-4bab-a3a1-9bf723aa4ff2",
              "isHook": false,
              "skipped": false
            }
          ],
          "suites": [],
          "passes": [],
          "failures": [
            "08c0606b-fc66-4248-b201-e5a27c4c25a6"
          ],
          "pending": [],
          "skipped": [],
          "duration": 8270,
          "root": false,
          "rootEmpty": false,
          "_timeout": 2000
        }
      ],
      "passes": [],
      "failures": [],
      "pending": [],
      "skipped": [],
      "duration": 0,
      "root": true,
      "rootEmpty": true,
      "_timeout": 2000
    }
  ],
  "meta": {
    "mocha": {
      "version": "7.0.1"
    },
    "mochawesome": {
      "options": {
        "quiet": false,
        "reportFilename": "mochawesome",
        "saveHtml": false,
        "saveJson": true,
        "consoleReporter": "spec",
        "useInlineDiffs": false,
        "code": true
      },
      "version": "6.2.2"
    },
    "marge": {
      "options": {
        "overwrite": false,
        "html": false,
        "json": true,
        "timestamp": "yyyymmdd_HHMMss"
      },
      "version": "5.2.0"
    }
  }
}