{
  "stats": {
    "suites": 1,
    "tests": 1,
    "passes": 1,
    "pending": 0,
    "failures": 0,
    "start": "2021-03-22T15:20:21.557Z",
    "end": "2021-03-22T15:20:26.123Z",
    "duration": 4566,
    "testsRegistered": 1,
    "passPercent": 100,
    "pendingPercent": 0,
    "other": 0,
    "hasOther": false,
    "skipped": 0,
    "hasSkipped": false
  },
  "results": [
    {
      "uuid": "2d6e55a8-268b-40d8-a39a-6b9307fe6b6e",
      "title": "",
      "fullFile": "cypress\\integration\\demo_file_upload.js",
      "file": "cypress\\integration\\demo_file_upload.js",
      "beforeHooks": [],
      "afterHooks": [],
      "tests": [],
      "suites": [
        {
          "uuid": "bebc8143-0ea4-4e49-91ad-40ba2654b941",
          "title": "Example to demonstrate file upload in cypress",
          "fullFile": "",
          "file": "",
          "beforeHooks": [],
          "afterHooks": [],
          "tests": [
            {
              "title": "Upload a photography and verify if uploaded",
              "fullTitle": "Example to demonstrate file upload in cypress Upload a photography and verify if uploaded",
              "timedOut": null,
              "duration": 2180,
              "state": "passed",
              "speed": "slow",
              "pass": true,
              "fail": false,
              "pending": false,
              "context": null,
              "code": "var filepath = 'images/myPhotography.jpg';\ncy.get('#uploadFile').attachFile(filepath);\ncy.get('#uploadedFilePath').contains('myPhotography.jpg');",
              "err": {},
              "uuid": "b2fb52c0-cff0-4939-86e9-b76dfdae9a60",
              "parentUUID": "bebc8143-0ea4-4e49-91ad-40ba2654b941",
              "isHook": false,
              "skipped": false
            }
          ],
          "suites": [],
          "passes": [
            "b2fb52c0-cff0-4939-86e9-b76dfdae9a60"
          ],
          "failures": [],
          "pending": [],
          "skipped": [],
          "duration": 2180,
          "root": false,
          "rootEmpty": false,
          "_timeout": 2000
        }
      ],
      "passes": [],
      "failures": [],
      "pending": [],
      "skipped": [],
      "duration": 0,
      "root": true,
      "rootEmpty": true,
      "_timeout": 2000
    }
  ],
  "meta": {
    "mocha": {
      "version": "7.0.1"
    },
    "mochawesome": {
      "options": {
        "quiet": false,
        "reportFilename": "mochawesome",
        "saveHtml": false,
        "saveJson": true,
        "consoleReporter": "spec",
        "useInlineDiffs": false,
        "code": true
      },
      "version": "6.2.2"
    },
    "marge": {
      "options": {
        "overwrite": false,
        "html": false,
        "json": true,
        "timestamp": "yyyymmdd_HHMMss"
      },
      "version": "5.2.0"
    }
  }
}