{
  "stats": {
    "suites": 1,
    "tests": 2,
    "passes": 1,
    "pending": 0,
    "failures": 1,
    "start": "2021-03-25T10:19:11.867Z",
    "end": "2021-03-25T10:19:22.813Z",
    "duration": 10946,
    "testsRegistered": 3,
    "passPercent": 33.33333333333333,
    "pendingPercent": 0,
    "other": 0,
    "hasOther": false,
    "skipped": 1,
    "hasSkipped": true
  },
  "results": [
    {
      "uuid": "21195db2-f843-4133-9b08-6834ef611b9b",
      "title": "",
      "fullFile": "cypress\\integration\\myFirstTest02.js",
      "file": "cypress\\integration\\myFirstTest02.js",
      "beforeHooks": [],
      "afterHooks": [],
      "tests": [],
      "suites": [
        {
          "uuid": "ef47a302-ef2e-4949-b654-d43bf96d4463",
          "title": "Site cypress.io",
          "fullFile": "",
          "file": "",
          "beforeHooks": [],
          "afterHooks": [],
          "tests": [
            {
              "title": "open in browser",
              "fullTitle": "Site cypress.io open in browser",
              "timedOut": null,
              "duration": 6546,
              "state": "passed",
              "speed": "slow",
              "pass": true,
              "fail": false,
              "pending": false,
              "context": null,
              "code": "cy.screenshot();",
              "err": {},
              "uuid": "0364771d-bcf3-4cfb-b316-1de36bf46c64",
              "parentUUID": "ef47a302-ef2e-4949-b654-d43bf96d4463",
              "isHook": false,
              "skipped": false
            },
            {
              "title": "open in iphone 8",
              "fullTitle": "Site cypress.io open in iphone 8",
              "timedOut": null,
              "duration": 396,
              "state": "failed",
              "speed": null,
              "pass": false,
              "fail": true,
              "pending": false,
              "context": null,
              "code": "cy.viewport('iphone-8');\ncy.screenshot();",
              "err": {
                "message": "NetworkError: Failed to execute 'send' on 'XMLHttpRequest': Failed to load 'https://privacyportal-eu.onetrust.com/request/v1/consentreceipts': Synchronous XHR in page dismissal. See https://www.chromestatus.com/feature/4664843055398912 for more details.",
                "estack": "NetworkError: Failed to execute 'send' on 'XMLHttpRequest': Failed to load 'https://privacyportal-eu.onetrust.com/request/v1/consentreceipts': Synchronous XHR in page dismissal. See https://www.chromestatus.com/feature/4664843055398912 for more details.\n\nBecause this error occurred during a `before each` hook we are skipping the remaining tests in the current suite: `Site cypress.io`\n\nhttps://on.cypress.io/uncaught-exception-from-application\nNetworkError: The following error originated from your application code, not from Cypress.\n\n  > Failed to execute 'send' on 'XMLHttpRequest': Failed to load 'https://privacyportal-eu.onetrust.com/request/v1/consentreceipts': Synchronous XHR in page dismissal. See https://www.chromestatus.com/feature/4664843055398912 for more details.\n\nWhen Cypress detects uncaught errors originating from your application it will automatically fail the current test.\n\nThis behavior is configurable, and you can choose to turn this off by listening to the `uncaught:exception` event.\nError: Failed to execute 'send' on 'XMLHttpRequest': Failed to load 'https://privacyportal-eu.onetrust.com/request/v1/consentreceipts': Synchronous XHR in page dismissal. See https://www.chromestatus.com/feature/4664843055398912 for more details.\n    at Function.vt.ajax (https://cdn.cookielaw.org/scripttemplates/5.13.0/otBannerSdk.js:7:63023)\n    at ee.createConsentTransaction (https://cdn.cookielaw.org/scripttemplates/5.13.0/otBannerSdk.js:7:90689)\n    at pe.consentDefaulCall (https://cdn.cookielaw.org/scripttemplates/5.13.0/otBannerSdk.js:7:115701)\n    at r (https://www.cypress.io/25-3932ff67534ed0705545.js:1:30471)",
                "diff": null
              },
              "uuid": "acd77b3c-49ca-4190-a482-f1d4dc708148",
              "parentUUID": "ef47a302-ef2e-4949-b654-d43bf96d4463",
              "isHook": false,
              "skipped": false
            },
            {
              "title": "open in samsung s10",
              "fullTitle": "Site cypress.io open in samsung s10",
              "timedOut": null,
              "duration": 0,
              "state": "skipped",
              "speed": null,
              "pass": false,
              "fail": false,
              "pending": false,
              "context": null,
              "code": "cy.viewport('samsung-s10');\ncy.screenshot();",
              "err": {},
              "uuid": "7d15f3ef-0b8a-4dfc-8790-63da1d5f0c58",
              "parentUUID": "ef47a302-ef2e-4949-b654-d43bf96d4463",
              "isHook": false,
              "skipped": true
            }
          ],
          "suites": [],
          "passes": [
            "0364771d-bcf3-4cfb-b316-1de36bf46c64"
          ],
          "failures": [
            "acd77b3c-49ca-4190-a482-f1d4dc708148"
          ],
          "pending": [],
          "skipped": [
            "7d15f3ef-0b8a-4dfc-8790-63da1d5f0c58"
          ],
          "duration": 6942,
          "root": false,
          "rootEmpty": false,
          "_timeout": 2000
        }
      ],
      "passes": [],
      "failures": [],
      "pending": [],
      "skipped": [],
      "duration": 0,
      "root": true,
      "rootEmpty": true,
      "_timeout": 2000
    }
  ],
  "meta": {
    "mocha": {
      "version": "7.0.1"
    },
    "mochawesome": {
      "options": {
        "quiet": false,
        "reportFilename": "mochawesome",
        "saveHtml": false,
        "saveJson": true,
        "consoleReporter": "spec",
        "useInlineDiffs": false,
        "code": true
      },
      "version": "6.2.2"
    },
    "marge": {
      "options": {
        "overwrite": false,
        "html": false,
        "json": true,
        "timestamp": "yyyymmdd_HHMMss"
      },
      "version": "5.2.0"
    }
  }
}