{
  "stats": {
    "suites": 1,
    "tests": 1,
    "passes": 1,
    "pending": 0,
    "failures": 0,
    "start": "2021-03-25T10:21:40.856Z",
    "end": "2021-03-25T10:21:42.581Z",
    "duration": 1725,
    "testsRegistered": 1,
    "passPercent": 100,
    "pendingPercent": 0,
    "other": 0,
    "hasOther": false,
    "skipped": 0,
    "hasSkipped": false
  },
  "results": [
    {
      "uuid": "6bd41e1a-7b04-44a4-b6d3-fb0154af561c",
      "title": "",
      "fullFile": "cypress\\integration\\orangeHRM\\orangeHRMLogin.js",
      "file": "cypress\\integration\\orangeHRM\\orangeHRMLogin.js",
      "beforeHooks": [],
      "afterHooks": [],
      "tests": [],
      "suites": [
        {
          "uuid": "936e6c5b-f037-4aa0-8937-60f9df94e21b",
          "title": "OrangeHRMLogin",
          "fullFile": "",
          "file": "",
          "beforeHooks": [],
          "afterHooks": [],
          "tests": [
            {
              "title": "Le panneau LOGIN doit apparaître quand on ouvre l'URL",
              "fullTitle": "OrangeHRMLogin Le panneau LOGIN doit apparaître quand on ouvre l'URL",
              "timedOut": null,
              "duration": 1700,
              "state": "passed",
              "speed": "slow",
              "pass": true,
              "fail": false,
              "pending": false,
              "context": null,
              "code": "cy.visit('https://opensource-demo.orangehrmlive.com/');\ncy.get('#frmLogin').contains('LOGIN');",
              "err": {},
              "uuid": "cd548f7e-10ba-4c48-9ebe-aaafe3f5cc8e",
              "parentUUID": "936e6c5b-f037-4aa0-8937-60f9df94e21b",
              "isHook": false,
              "skipped": false
            }
          ],
          "suites": [],
          "passes": [
            "cd548f7e-10ba-4c48-9ebe-aaafe3f5cc8e"
          ],
          "failures": [],
          "pending": [],
          "skipped": [],
          "duration": 1700,
          "root": false,
          "rootEmpty": false,
          "_timeout": 2000
        }
      ],
      "passes": [],
      "failures": [],
      "pending": [],
      "skipped": [],
      "duration": 0,
      "root": true,
      "rootEmpty": true,
      "_timeout": 2000
    }
  ],
  "meta": {
    "mocha": {
      "version": "7.0.1"
    },
    "mochawesome": {
      "options": {
        "quiet": false,
        "reportFilename": "mochawesome",
        "saveHtml": false,
        "saveJson": true,
        "consoleReporter": "spec",
        "useInlineDiffs": false,
        "code": true
      },
      "version": "6.2.2"
    },
    "marge": {
      "options": {
        "overwrite": false,
        "html": false,
        "json": true,
        "timestamp": "yyyymmdd_HHMMss"
      },
      "version": "5.2.0"
    }
  }
}