{
  "stats": {
    "suites": 1,
    "tests": 1,
    "passes": 1,
    "pending": 0,
    "failures": 0,
    "start": "2021-03-19T15:22:16.209Z",
    "end": "2021-03-19T15:22:20.982Z",
    "duration": 4773,
    "testsRegistered": 1,
    "passPercent": 100,
    "pendingPercent": 0,
    "other": 0,
    "hasOther": false,
    "skipped": 0,
    "hasSkipped": false
  },
  "results": [
    {
      "uuid": "2ebcb8d4-11d7-489a-a443-41a81a9a1469",
      "title": "",
      "fullFile": "cypress\\integration\\orangeHRM\\orangeHRMLogin.js",
      "file": "cypress\\integration\\orangeHRM\\orangeHRMLogin.js",
      "beforeHooks": [],
      "afterHooks": [],
      "tests": [],
      "suites": [
        {
          "uuid": "fd0df6ae-f6f0-4bc4-89c5-dca3369deca8",
          "title": "OrangeHRMLogin",
          "fullFile": "",
          "file": "",
          "beforeHooks": [],
          "afterHooks": [],
          "tests": [
            {
              "title": "Le panneau LOGIN doit apparaître quand on ouvre l'URL",
              "fullTitle": "OrangeHRMLogin Le panneau LOGIN doit apparaître quand on ouvre l'URL",
              "timedOut": null,
              "duration": 3068,
              "state": "passed",
              "speed": "slow",
              "pass": true,
              "fail": false,
              "pending": false,
              "context": null,
              "code": "cy.visit('https://opensource-demo.orangehrmlive.com/');\ncy.get('#frmLogin').contains('LOGIN');",
              "err": {},
              "uuid": "4770b90b-3b78-4f7b-bf7b-a9f006744612",
              "parentUUID": "fd0df6ae-f6f0-4bc4-89c5-dca3369deca8",
              "isHook": false,
              "skipped": false
            }
          ],
          "suites": [],
          "passes": [
            "4770b90b-3b78-4f7b-bf7b-a9f006744612"
          ],
          "failures": [],
          "pending": [],
          "skipped": [],
          "duration": 3068,
          "root": false,
          "rootEmpty": false,
          "_timeout": 2000
        }
      ],
      "passes": [],
      "failures": [],
      "pending": [],
      "skipped": [],
      "duration": 0,
      "root": true,
      "rootEmpty": true,
      "_timeout": 2000
    }
  ],
  "meta": {
    "mocha": {
      "version": "7.0.1"
    },
    "mochawesome": {
      "options": {
        "quiet": false,
        "reportFilename": "mochawesome",
        "saveHtml": false,
        "saveJson": true,
        "consoleReporter": "spec",
        "useInlineDiffs": false,
        "code": true
      },
      "version": "6.2.2"
    },
    "marge": {
      "options": {
        "overwrite": false,
        "html": false,
        "json": true,
        "timestamp": "yyyymmdd_HHMMss"
      },
      "version": "5.2.0"
    }
  }
}