{
  "stats": {
    "suites": 1,
    "tests": 1,
    "passes": 1,
    "pending": 0,
    "failures": 0,
    "start": "2021-03-25T10:17:49.722Z",
    "end": "2021-03-25T10:17:52.589Z",
    "duration": 2867,
    "testsRegistered": 1,
    "passPercent": 100,
    "pendingPercent": 0,
    "other": 0,
    "hasOther": false,
    "skipped": 0,
    "hasSkipped": false
  },
  "results": [
    {
      "uuid": "f3a8a9d6-6a09-4bb7-b1e9-5987657d16c9",
      "title": "",
      "fullFile": "cypress\\integration\\home_page_spec.js",
      "file": "cypress\\integration\\home_page_spec.js",
      "beforeHooks": [],
      "afterHooks": [],
      "tests": [],
      "suites": [
        {
          "uuid": "ab21486a-7a8b-4a5a-a03a-85f9b371c36d",
          "title": "My Home Page",
          "fullFile": "",
          "file": "",
          "beforeHooks": [],
          "afterHooks": [],
          "tests": [
            {
              "title": "successfully loads",
              "fullTitle": "My Home Page successfully loads",
              "timedOut": null,
              "duration": 2850,
              "state": "passed",
              "speed": "slow",
              "pass": true,
              "fail": false,
              "pending": false,
              "context": null,
              "code": "cy.visit('/');",
              "err": {},
              "uuid": "f480db82-db4d-45c4-9d69-cb4d04384453",
              "parentUUID": "ab21486a-7a8b-4a5a-a03a-85f9b371c36d",
              "isHook": false,
              "skipped": false
            }
          ],
          "suites": [],
          "passes": [
            "f480db82-db4d-45c4-9d69-cb4d04384453"
          ],
          "failures": [],
          "pending": [],
          "skipped": [],
          "duration": 2850,
          "root": false,
          "rootEmpty": false,
          "_timeout": 2000
        }
      ],
      "passes": [],
      "failures": [],
      "pending": [],
      "skipped": [],
      "duration": 0,
      "root": true,
      "rootEmpty": true,
      "_timeout": 2000
    }
  ],
  "meta": {
    "mocha": {
      "version": "7.0.1"
    },
    "mochawesome": {
      "options": {
        "quiet": false,
        "reportFilename": "mochawesome",
        "saveHtml": false,
        "saveJson": true,
        "consoleReporter": "spec",
        "useInlineDiffs": false,
        "code": true
      },
      "version": "6.2.2"
    },
    "marge": {
      "options": {
        "overwrite": false,
        "html": false,
        "json": true,
        "timestamp": "yyyymmdd_HHMMss"
      },
      "version": "5.2.0"
    }
  }
}