{
  "stats": {
    "suites": 1,
    "tests": 1,
    "passes": 1,
    "pending": 0,
    "failures": 0,
    "start": "2021-03-22T15:20:32.929Z",
    "end": "2021-03-22T15:20:41.648Z",
    "duration": 8719,
    "testsRegistered": 1,
    "passPercent": 100,
    "pendingPercent": 0,
    "other": 0,
    "hasOther": false,
    "skipped": 0,
    "hasSkipped": false
  },
  "results": [
    {
      "uuid": "4147380b-7b01-409b-9f12-47cab28a547a",
      "title": "",
      "fullFile": "cypress\\integration\\demo_with_fixtures.js",
      "file": "cypress\\integration\\demo_with_fixtures.js",
      "beforeHooks": [],
      "afterHooks": [],
      "tests": [],
      "suites": [
        {
          "uuid": "0bdb468f-cf27-46bd-a574-2a287c124264",
          "title": "Demo automation with fixtures",
          "fullFile": "",
          "file": "",
          "beforeHooks": [],
          "afterHooks": [],
          "tests": [
            {
              "title": "Sign in",
              "fullTitle": "Demo automation with fixtures Sign in",
              "timedOut": null,
              "duration": 5764,
              "state": "passed",
              "speed": "slow",
              "pass": true,
              "fail": false,
              "pending": false,
              "context": null,
              "code": "cy.visit('https://shop.demoqa.com/my-account/');\ncy.get('#reg_username').type(this.user.username);\ncy.get('#reg_email').type(this.user.email);\ncy.get('#reg_password').type(this.user.password);\ncy.get('.woocommerce-Button').click();",
              "err": {},
              "uuid": "8f8a062b-504a-42fb-896b-25ffeb85bca6",
              "parentUUID": "0bdb468f-cf27-46bd-a574-2a287c124264",
              "isHook": false,
              "skipped": false
            }
          ],
          "suites": [],
          "passes": [
            "8f8a062b-504a-42fb-896b-25ffeb85bca6"
          ],
          "failures": [],
          "pending": [],
          "skipped": [],
          "duration": 5764,
          "root": false,
          "rootEmpty": false,
          "_timeout": 2000
        }
      ],
      "passes": [],
      "failures": [],
      "pending": [],
      "skipped": [],
      "duration": 0,
      "root": true,
      "rootEmpty": true,
      "_timeout": 2000
    }
  ],
  "meta": {
    "mocha": {
      "version": "7.0.1"
    },
    "mochawesome": {
      "options": {
        "quiet": false,
        "reportFilename": "mochawesome",
        "saveHtml": false,
        "saveJson": true,
        "consoleReporter": "spec",
        "useInlineDiffs": false,
        "code": true
      },
      "version": "6.2.2"
    },
    "marge": {
      "options": {
        "overwrite": false,
        "html": false,
        "json": true,
        "timestamp": "yyyymmdd_HHMMss"
      },
      "version": "5.2.0"
    }
  }
}