{
  "stats": {
    "suites": 1,
    "tests": 1,
    "passes": 1,
    "pending": 0,
    "failures": 0,
    "start": "2021-03-21T11:43:17.841Z",
    "end": "2021-03-21T11:43:21.710Z",
    "duration": 3869,
    "testsRegistered": 1,
    "passPercent": 100,
    "pendingPercent": 0,
    "other": 0,
    "hasOther": false,
    "skipped": 0,
    "hasSkipped": false
  },
  "results": [
    {
      "uuid": "24eb6924-d7b3-45b6-a3f6-f3cec905a57d",
      "title": "",
      "fullFile": "cypress\\integration\\demo_file_upload.js",
      "file": "cypress\\integration\\demo_file_upload.js",
      "beforeHooks": [],
      "afterHooks": [],
      "tests": [],
      "suites": [
        {
          "uuid": "d0f7f983-bee7-4ca6-91ea-37c984eeae96",
          "title": "Example to demonstrate file upload in cypress",
          "fullFile": "",
          "file": "",
          "beforeHooks": [],
          "afterHooks": [],
          "tests": [
            {
              "title": "Upload a photography and verify if uploaded",
              "fullTitle": "Example to demonstrate file upload in cypress Upload a photography and verify if uploaded",
              "timedOut": null,
              "duration": 2267,
              "state": "passed",
              "speed": "slow",
              "pass": true,
              "fail": false,
              "pending": false,
              "context": null,
              "code": "var filepath = 'images/myPhotography.jpg';\ncy.get('#uploadFile').attachFile(filepath);\ncy.get('#uploadedFilePath').contains('myPhotography.jpg');",
              "err": {},
              "uuid": "24fb6591-84e7-4127-995e-20d8a19b80d3",
              "parentUUID": "d0f7f983-bee7-4ca6-91ea-37c984eeae96",
              "isHook": false,
              "skipped": false
            }
          ],
          "suites": [],
          "passes": [
            "24fb6591-84e7-4127-995e-20d8a19b80d3"
          ],
          "failures": [],
          "pending": [],
          "skipped": [],
          "duration": 2267,
          "root": false,
          "rootEmpty": false,
          "_timeout": 2000
        }
      ],
      "passes": [],
      "failures": [],
      "pending": [],
      "skipped": [],
      "duration": 0,
      "root": true,
      "rootEmpty": true,
      "_timeout": 2000
    }
  ],
  "meta": {
    "mocha": {
      "version": "7.0.1"
    },
    "mochawesome": {
      "options": {
        "quiet": false,
        "reportFilename": "mochawesome",
        "saveHtml": false,
        "saveJson": true,
        "consoleReporter": "spec",
        "useInlineDiffs": false,
        "code": true
      },
      "version": "6.2.2"
    },
    "marge": {
      "options": {
        "overwrite": false,
        "html": false,
        "json": true,
        "timestamp": "yyyymmdd_HHMMss"
      },
      "version": "5.2.0"
    }
  }
}