{
  "stats": {
    "suites": 1,
    "tests": 1,
    "passes": 1,
    "pending": 0,
    "failures": 0,
    "start": "2021-03-18T15:41:05.336Z",
    "end": "2021-03-18T15:41:07.638Z",
    "duration": 2302,
    "testsRegistered": 1,
    "passPercent": 100,
    "pendingPercent": 0,
    "other": 0,
    "hasOther": false,
    "skipped": 0,
    "hasSkipped": false
  },
  "results": [
    {
      "uuid": "34d87987-c7d9-4b4c-9edf-85d55b5e1463",
      "title": "",
      "fullFile": "cypress\\integration\\orangeHRM\\orangeHRMLogin.js",
      "file": "cypress\\integration\\orangeHRM\\orangeHRMLogin.js",
      "beforeHooks": [],
      "afterHooks": [],
      "tests": [],
      "suites": [
        {
          "uuid": "e24219e1-e310-4286-a817-7df1dbbf038b",
          "title": "OrangeHRMLogin",
          "fullFile": "",
          "file": "",
          "beforeHooks": [],
          "afterHooks": [],
          "tests": [
            {
              "title": "Le panneau LOGIN doit apparaître quand on ouvre l'URL",
              "fullTitle": "OrangeHRMLogin Le panneau LOGIN doit apparaître quand on ouvre l'URL",
              "timedOut": null,
              "duration": 1287,
              "state": "passed",
              "speed": "slow",
              "pass": true,
              "fail": false,
              "pending": false,
              "context": null,
              "code": "cy.visit('https://opensource-demo.orangehrmlive.com/');\ncy.get('#frmLogin').contains('LOGIN');",
              "err": {},
              "uuid": "7d4d3df1-61a2-4cd5-8e78-7d4b93c65dbe",
              "parentUUID": "e24219e1-e310-4286-a817-7df1dbbf038b",
              "isHook": false,
              "skipped": false
            }
          ],
          "suites": [],
          "passes": [
            "7d4d3df1-61a2-4cd5-8e78-7d4b93c65dbe"
          ],
          "failures": [],
          "pending": [],
          "skipped": [],
          "duration": 1287,
          "root": false,
          "rootEmpty": false,
          "_timeout": 2000
        }
      ],
      "passes": [],
      "failures": [],
      "pending": [],
      "skipped": [],
      "duration": 0,
      "root": true,
      "rootEmpty": true,
      "_timeout": 2000
    }
  ],
  "meta": {
    "mocha": {
      "version": "7.0.1"
    },
    "mochawesome": {
      "options": {
        "quiet": false,
        "reportFilename": "mochawesome",
        "saveHtml": false,
        "saveJson": true,
        "consoleReporter": "spec",
        "useInlineDiffs": false,
        "code": true
      },
      "version": "6.2.2"
    },
    "marge": {
      "options": {
        "overwrite": false,
        "html": false,
        "json": true,
        "timestamp": "yyyymmdd_HHMMss"
      },
      "version": "5.2.0"
    }
  }
}