{
  "stats": {
    "suites": 1,
    "tests": 1,
    "passes": 1,
    "pending": 0,
    "failures": 0,
    "start": "2021-03-25T10:17:57.750Z",
    "end": "2021-03-25T10:18:01.582Z",
    "duration": 3832,
    "testsRegistered": 1,
    "passPercent": 100,
    "pendingPercent": 0,
    "other": 0,
    "hasOther": false,
    "skipped": 0,
    "hasSkipped": false
  },
  "results": [
    {
      "uuid": "0e1ae8a4-2d00-41cb-abec-0e9612dbfa23",
      "title": "",
      "fullFile": "cypress\\integration\\my SecondTest.js",
      "file": "cypress\\integration\\my SecondTest.js",
      "beforeHooks": [],
      "afterHooks": [],
      "tests": [],
      "suites": [
        {
          "uuid": "dff27471-edb8-4d38-aa73-dbf79f52f34a",
          "title": "Actions on elements",
          "fullFile": "",
          "file": "",
          "beforeHooks": [],
          "afterHooks": [],
          "tests": [
            {
              "title": "finds the element \"type\"",
              "fullTitle": "Actions on elements finds the element \"type\"",
              "timedOut": null,
              "duration": 2256,
              "state": "passed",
              "speed": "slow",
              "pass": true,
              "fail": false,
              "pending": false,
              "context": null,
              "code": "cy.visit('https://example.cypress.io/');\ncy.contains('type').click(); // Should be on a new URL which includes \"/commands/actions\"\ncy.url().should('include', '/commands/actions'); // Get an input, type into it and verify that the value has been updated\ncy.get('#email1').type('test@email.com').should('have.value', 'test@email.com');",
              "err": {},
              "uuid": "0f73df18-e97d-41d0-ae40-d32b167d33f9",
              "parentUUID": "dff27471-edb8-4d38-aa73-dbf79f52f34a",
              "isHook": false,
              "skipped": false
            }
          ],
          "suites": [],
          "passes": [
            "0f73df18-e97d-41d0-ae40-d32b167d33f9"
          ],
          "failures": [],
          "pending": [],
          "skipped": [],
          "duration": 2256,
          "root": false,
          "rootEmpty": false,
          "_timeout": 2000
        }
      ],
      "passes": [],
      "failures": [],
      "pending": [],
      "skipped": [],
      "duration": 0,
      "root": true,
      "rootEmpty": true,
      "_timeout": 2000
    }
  ],
  "meta": {
    "mocha": {
      "version": "7.0.1"
    },
    "mochawesome": {
      "options": {
        "quiet": false,
        "reportFilename": "mochawesome",
        "saveHtml": false,
        "saveJson": true,
        "consoleReporter": "spec",
        "useInlineDiffs": false,
        "code": true
      },
      "version": "6.2.2"
    },
    "marge": {
      "options": {
        "overwrite": false,
        "html": false,
        "json": true,
        "timestamp": "yyyymmdd_HHMMss"
      },
      "version": "5.2.0"
    }
  }
}